<?xml version="1.0" encoding="UTF-8"?>
<!-- Generated by org.testng.reporters.JUnitXMLReporter -->
<testsuite ignored="0" hostname="LAPTOP-2GS32DIE" failures="0" tests="7" name="Test" time="202.788" errors="0" timestamp="2024-11-19T21:06:45 IST">
  <testcase classname="android_TestScripts.Android_TC001" name="FormPageTest" time="13.753"/>
  <testcase classname="android_TestScripts.Android_TC001" name="FormPageToastMessageTest" time="12.573"/>
  <testcase classname="android_TestScripts.Android_TC002" name="ProdCatalogTest" time="28.686"/>
  <testcase classname="android_TestScripts.Android_TC003" name="CartTest" time="36.662"/>
  <testcase classname="android_TestScripts.Android_TC004_DataDrivenTest" name="FormDataDrivenTest" time="19.654"/>
  <testcase classname="android_TestScripts.Android_TC004_DataDrivenTest" name="FormDataDrivenTest" time="15.737"/>
  <testcase classname="android_TestScripts.Android_TC004_DataDrivenTest" name="FormDataDrivenTest" time="37.09"/>
</testsuite> <!-- Test -->
