<?xml version="1.0" encoding="UTF-8"?>
<!-- Generated by org.testng.reporters.JUnitXMLReporter -->
<testsuite ignored="0" hostname="LAPTOP-2GS32DIE" failures="0" tests="7" name="Test" time="207.509" errors="0" timestamp="2024-11-20T19:54:38 IST">
  <testcase classname="android_TestScripts.Android_TC001" name="FormPageTest" time="12.727"/>
  <testcase classname="android_TestScripts.Android_TC001" name="FormPageToastMessageTest" time="12.497"/>
  <testcase classname="android_TestScripts.Android_TC002" name="ProdCatalogTest" time="27.18"/>
  <testcase classname="android_TestScripts.Android_TC003" name="CartTest" time="34.879"/>
  <testcase classname="android_TestScripts.Android_TC004_DataDrivenTest" name="FormDataDrivenTest" time="19.105"/>
  <testcase classname="android_TestScripts.Android_TC004_DataDrivenTest" name="FormDataDrivenTest" time="15.649"/>
  <testcase classname="android_TestScripts.Android_TC004_DataDrivenTest" name="FormDataDrivenTest" time="36.404"/>
</testsuite> <!-- Test -->
