<?xml version="1.0" encoding="UTF-8"?>
<testsuite xmlns:xsi="http://www.w3.org/2001/XMLSchema-instance" xsi:noNamespaceSchemaLocation="https://maven.apache.org/surefire/maven-surefire-plugin/xsd/surefire-test-report.xsd" version="3.0.2" name="TestSuite" time="208.475" tests="7" errors="0" skipped="0" failures="0">
  <properties>
[...]
</properties>
  <testcase name="FormPageTest" classname="android_TestScripts.Android_TC001" time="12.731">
    <system-out><![CDATA[&amp#27;[38;5;112m[Appium]&amp#27;[0m Welcome to Appium v2.12.1
&amp#27;[38;5;112m[Appium]&amp#27;[0m Non-default server args:
&amp#27;[38;5;112m[Appium]&amp#27;[0m { address: &amp#27;[32m'127.0.0.1'&amp#27;[39m }
&amp#27;[38;5;112m[Appium]&amp#27;[0m The autodetected Appium home path: C:\Users\Harsh Vardhan Singh\.appium
&amp#27;[38;5;112m[Appium]&amp#27;[0m Attempting to load driver uiautomator2...
&amp#27;[38;5;112m[Appium]&amp#27;[0m Attempting to load driver xcuitest...
&amp#27;[38;5;112m[Appium]&amp#27;[0m Requiring driver at C:\Users\Harsh Vardhan Singh\.appium\node_modules\appium-xcuitest-driver\build\index.js
&amp#27;[38;5;112m[Appium]&amp#27;[0m Requiring driver at C:\Users\Harsh Vardhan Singh\.appium\node_modules\appium-uiautomator2-driver\build\index.js
&amp#27;[38;5;112m[Appium]&amp#27;[0m XCUITestDriver has been successfully loaded in 0.600s
&amp#27;[38;5;112m[Appium]&amp#27;[0m AndroidUiautomator2Driver has been successfully loaded in 1.098s
&amp#27;[38;5;112m[Appium]&amp#27;[0m Appium REST http interface listener started on http://127.0.0.1:4723
&amp#27;[38;5;112m[Appium]&amp#27;[0m Available drivers:
&amp#27;[38;5;112m[Appium]&amp#27;[0m   - uiautomator2@3.8.1 (automationName 'UiAutomator2')
&amp#27;[38;5;112m[Appium]&amp#27;[0m   - xcuitest@7.28.3 (automationName 'XCUITest')
&amp#27;[38;5;112m[Appium]&amp#27;[0m No plugins have been installed. Use the "appium plugin" command to install the one(s) you want to use.
&amp#27;[38;5;86m[HTTP]&amp#27;[0m &amp#27;[37m-->&amp#27;[39m &amp#27;[37mGET&amp#27;[39m &amp#27;[37m/status&amp#27;[39m &amp#27;[90m{}&amp#27;[39m
&amp#27;[38;5;135m[AppiumDriver@aec6]&amp#27;[0m Calling AppiumDriver.getStatus() with args: []
&amp#27;[38;5;135m[AppiumDriver@aec6]&amp#27;[0m Responding to client with driver.getStatus() result: {"ready":true,"message":"The server is ready to accept new connections","build":{"version":"2.12.1"}}
&amp#27;[38;5;86m[HTTP]&amp#27;[0m &amp#27;[37m<-- GET /status &amp#27;[39m&amp#27;[32m200&amp#27;[39m &amp#27;[90m3 ms - 111&amp#27;[39m &amp#27;[90m&amp#27;[39m
&amp#27;[38;5;86m[HTTP]&amp#27;[0m Request idempotency key: cf03ed0e-4e77-4a34-ae19-10a1b8daca54
&amp#27;[38;5;86m[HTTP]&amp#27;[0m &amp#27;[37m-->&amp#27;[39m &amp#27;[37mPOST&amp#27;[39m &amp#27;[37m/session&amp#27;[39m &amp#27;[90m{"capabilities":{"firstMatch":[{"appium:chromedriverUseSystemExecutable":true,"appium:deviceName":"HarshEmulator","platformName":"ANDROID","appium:automationName":"UIAutomator2","appium:app":"D:\\Android Automation Framework\\Android_Framework\\App\\General-Store.apk"}]}}&amp#27;[39m
&amp#27;[38;5;135m[AppiumDriver@aec6]&amp#27;[0m Calling AppiumDriver.createSession() with args: [null,null,{"firstMatch":[{"appium:chromedriverUseSystemExecutable":true,"appium:deviceName":"HarshEmulator","platformName":"ANDROID","appium:automationName":"UIAutomator2","appium:app":"D:\\Android Automation Framework\\Android_Framework\\App\\General-Store.apk"}]}]
&amp#27;[38;5;135m[AppiumDriver@aec6]&amp#27;[0m Event 'newSessionRequested' logged at 1732112472676 (19:51:12 GMT+0530 (India Standard Time))
&amp#27;[38;5;112m[Appium]&amp#27;[0m Attempting to find matching driver for automationName 'UIAutomator2' and platformName 'ANDROID'
&amp#27;[38;5;112m[Appium]&amp#27;[0m The 'uiautomator2' driver was installed and matched caps.
&amp#27;[38;5;112m[Appium]&amp#27;[0m Will require it at C:\Users\Harsh Vardhan Singh\.appium\node_modules\appium-uiautomator2-driver
&amp#27;[38;5;112m[Appium]&amp#27;[0m Requiring driver at C:\Users\Harsh Vardhan Singh\.appium\node_modules\appium-uiautomator2-driver\build\index.js
&amp#27;[38;5;135m[AppiumDriver@aec6]&amp#27;[0m Appium v2.12.1 creating new AndroidUiautomator2Driver (v3.8.1) session
&amp#27;[38;5;135m[AppiumDriver@aec6]&amp#27;[0m Checking BaseDriver versions for Appium and AndroidUiautomator2Driver
&amp#27;[38;5;135m[AppiumDriver@aec6]&amp#27;[0m Appium's BaseDriver version is 9.12.1
&amp#27;[38;5;135m[AppiumDriver@aec6]&amp#27;[0m AndroidUiautomator2Driver's BaseDriver version is 9.12.1
&amp#27;[38;5;-3m[AndroidUiautomator2Driver@db64]&amp#27;[0m 
&amp#27;[38;5;-3m[AndroidUiautomator2Driver@db64]&amp#27;[0m Creating session with W3C capabilities: {
  "alwaysMatch": {
    "platformName": "ANDROID",
    "appium:chromedriverUseSystemExecutable": true,
    "appium:deviceName": "HarshEmulator",
    "appium:automationName": "UIAutomator2",
    "appium:app": "D:\\Android Automation Framework\\Android_Framework\\App\\General-Store.apk"
  },
  "firstMatch": [
    {}
  ]
}
&amp#27;[38;5;177m[03e3fac2]&amp#27;[0m&amp#27;[38;5;-3m[AndroidUiautomator2Driver@db64]&amp#27;[0m Session created with session id: 03e3fac2-18d9-4400-8767-ea99175305f7
&amp#27;[38;5;177m[03e3fac2]&amp#27;[0m&amp#27;[38;5;229m[ADB]&amp#27;[0m Found 2 'build-tools' folders under 'C:\Users\Harsh Vardhan Singh\AppData\Local\Android\Sdk' (newest first):
&amp#27;[38;5;177m[03e3fac2]&amp#27;[0m&amp#27;[38;5;229m[ADB]&amp#27;[0m     C:\Users\Harsh Vardhan Singh\AppData\Local\Android\Sdk\build-tools\35.0.0
&amp#27;[38;5;177m[03e3fac2]&amp#27;[0m&amp#27;[38;5;229m[ADB]&amp#27;[0m     C:\Users\Harsh Vardhan Singh\AppData\Local\Android\Sdk\build-tools\34.0.0
&amp#27;[38;5;177m[03e3fac2]&amp#27;[0m&amp#27;[38;5;229m[ADB]&amp#27;[0m Using 'adb.exe' from 'C:\Users\Harsh Vardhan Singh\AppData\Local\Android\Sdk\platform-tools\adb.exe'
&amp#27;[38;5;177m[03e3fac2]&amp#27;[0m&amp#27;[38;5;229m[ADB]&amp#27;[0m Running 'C:\Users\Harsh Vardhan Singh\AppData\Local\Android\Sdk\platform-tools\adb.exe -P 5037 start-server'
&amp#27;[38;5;177m[03e3fac2]&amp#27;[0m&amp#27;[38;5;-3m[AndroidUiautomator2Driver@db64]&amp#27;[0m Retrieving device list
&amp#27;[38;5;177m[03e3fac2]&amp#27;[0m&amp#27;[38;5;229m[ADB]&amp#27;[0m Trying to find connected Android devices
&amp#27;[38;5;177m[03e3fac2]&amp#27;[0m&amp#27;[38;5;229m[ADB]&amp#27;[0m Getting connected devices
&amp#27;[38;5;177m[03e3fac2]&amp#27;[0m&amp#27;[38;5;229m[ADB]&amp#27;[0m Connected devices: [{"udid":"emulator-5554","state":"device"}]
&amp#27;[38;5;177m[03e3fac2]&amp#27;[0m&amp#27;[38;5;-3m[AndroidUiautomator2Driver@db64]&amp#27;[0m Using device: emulator-5554
&amp#27;[38;5;177m[03e3fac2]&amp#27;[0m&amp#27;[38;5;229m[ADB]&amp#27;[0m Using 'adb.exe' from 'C:\Users\Harsh Vardhan Singh\AppData\Local\Android\Sdk\platform-tools\adb.exe'
&amp#27;[38;5;177m[03e3fac2]&amp#27;[0m&amp#27;[38;5;229m[ADB]&amp#27;[0m Running 'C:\Users\Harsh Vardhan Singh\AppData\Local\Android\Sdk\platform-tools\adb.exe -P 5037 start-server'
&amp#27;[38;5;177m[03e3fac2]&amp#27;[0m&amp#27;[38;5;229m[ADB]&amp#27;[0m Setting device id to emulator-5554
&amp#27;[38;5;177m[03e3fac2]&amp#27;[0m&amp#27;[38;5;123m[BaseDriver]&amp#27;[0m Using local app 'D:\Android Automation Framework\Android_Framework\App\General-Store.apk'
&amp#27;[38;5;177m[03e3fac2]&amp#27;[0m&amp#27;[38;5;-3m[AndroidUiautomator2Driver@db64]&amp#27;[0m Checking whether app is actually present
&amp#27;[38;5;177m[03e3fac2]&amp#27;[0m&amp#27;[38;5;229m[ADB]&amp#27;[0m Running 'C:\Users\Harsh Vardhan Singh\AppData\Local\Android\Sdk\platform-tools\adb.exe -P 5037 -s emulator-5554 shell getprop ro.build.version.sdk'
&amp#27;[38;5;177m[03e3fac2]&amp#27;[0m&amp#27;[38;5;229m[ADB]&amp#27;[0m Current device property 'ro.build.version.sdk': 35
&amp#27;[38;5;177m[03e3fac2]&amp#27;[0m&amp#27;[38;5;229m[ADB]&amp#27;[0m Getting device platform version
&amp#27;[38;5;177m[03e3fac2]&amp#27;[0m&amp#27;[38;5;229m[ADB]&amp#27;[0m Running 'C:\Users\Harsh Vardhan Singh\AppData\Local\Android\Sdk\platform-tools\adb.exe -P 5037 -s emulator-5554 shell getprop ro.build.version.release'
&amp#27;[38;5;177m[03e3fac2]&amp#27;[0m&amp#27;[38;5;229m[ADB]&amp#27;[0m Current device property 'ro.build.version.release': 15
&amp#27;[38;5;177m[03e3fac2]&amp#27;[0m&amp#27;[38;5;229m[ADB]&amp#27;[0m Device API level: 35
&amp#27;[38;5;177m[03e3fac2]&amp#27;[0m&amp#27;[38;5;-3m[AndroidUiautomator2Driver@db64]&amp#27;[0m Relaxing hidden api policy
&amp#27;[38;5;177m[03e3fac2]&amp#27;[0m&amp#27;[38;5;229m[ADB]&amp#27;[0m Running 'C:\Users\Harsh Vardhan Singh\AppData\Local\Android\Sdk\platform-tools\adb.exe -P 5037 -s emulator-5554 shell 'settings put global hidden_api_policy_pre_p_apps 1;settings put global hidden_api_policy_p_apps 1;settings put global hidden_api_policy 1''
&amp#27;[38;5;177m[03e3fac2]&amp#27;[0m&amp#27;[38;5;-3m[AndroidUiautomator2Driver@db64]&amp#27;[0m Parsing package and activity from app manifest
&amp#27;[38;5;177m[03e3fac2]&amp#27;[0m&amp#27;[38;5;229m[ADB]&amp#27;[0m Running 'C:\Users\Harsh Vardhan Singh\AppData\Local\Android\Sdk\platform-tools\adb.exe -P 5037 -s emulator-5554 wait-for-device'
&amp#27;[38;5;177m[03e3fac2]&amp#27;[0m&amp#27;[38;5;229m[ADB]&amp#27;[0m Using 'aapt2.exe' from 'C:\Users\Harsh Vardhan Singh\AppData\Local\Android\Sdk\build-tools\35.0.0\aapt2.exe'
&amp#27;[38;5;177m[03e3fac2]&amp#27;[0m&amp#27;[38;5;229m[ADB]&amp#27;[0m Reading package manifest: ''C:\\Users\\Harsh Vardhan Singh\\AppData\\Local\\Android\\Sdk\\build-tools\\35.0.0\\aapt2.exe' dump badging 'D:\\Android Automation Framework\\Android_Framework\\App\\General-Store.apk''
&amp#27;[38;5;177m[03e3fac2]&amp#27;[0m&amp#27;[38;5;229m[ADB]&amp#27;[0m Running 'C:\Users\Harsh Vardhan Singh\AppData\Local\Android\Sdk\platform-tools\adb.exe -P 5037 -s emulator-5554 shell echo ping'
&amp#27;[38;5;177m[03e3fac2]&amp#27;[0m&amp#27;[38;5;229m[ADB]&amp#27;[0m Package name: 'com.androidsample.generalstore'
&amp#27;[38;5;177m[03e3fac2]&amp#27;[0m&amp#27;[38;5;229m[ADB]&amp#27;[0m Main activity name: 'com.androidsample.generalstore.SplashActivity'
&amp#27;[38;5;177m[03e3fac2]&amp#27;[0m&amp#27;[38;5;-3m[AndroidUiautomator2Driver@db64]&amp#27;[0m Parsed package and activity are: com.androidsample.generalstore/com.androidsample.generalstore.SplashActivity
&amp#27;[38;5;177m[03e3fac2]&amp#27;[0m&amp#27;[38;5;-3m[AndroidUiautomator2Driver@db64]&amp#27;[0m Pushing settings apk to the device...
&amp#27;[38;5;177m[03e3fac2]&amp#27;[0m&amp#27;[38;5;229m[ADB]&amp#27;[0m Getting package info for 'io.appium.settings'
&amp#27;[38;5;177m[03e3fac2]&amp#27;[0m&amp#27;[38;5;229m[ADB]&amp#27;[0m Running 'C:\Users\Harsh Vardhan Singh\AppData\Local\Android\Sdk\platform-tools\adb.exe -P 5037 -s emulator-5554 shell dumpsys package io.appium.settings'
&amp#27;[38;5;177m[03e3fac2]&amp#27;[0m&amp#27;[38;5;229m[ADB]&amp#27;[0m Reading package manifest: ''C:\\Users\\Harsh Vardhan Singh\\AppData\\Local\\Android\\Sdk\\build-tools\\35.0.0\\aapt2.exe' dump badging 'C:\\Users\\Harsh Vardhan Singh\\.appium\\node_modules\\appium-uiautomator2-driver\\node_modules\\io.appium.settings\\apks\\settings_apk-debug.apk''
&amp#27;[38;5;177m[03e3fac2]&amp#27;[0m&amp#27;[38;5;229m[ADB]&amp#27;[0m The version name of the installed 'io.appium.settings' is greater or equal to the application version name ('5.12.16' >= '5.12.16')
&amp#27;[38;5;177m[03e3fac2]&amp#27;[0m&amp#27;[38;5;229m[ADB]&amp#27;[0m There is no need to install/upgrade 'C:\Users\Harsh Vardhan Singh\.appium\node_modules\appium-uiautomator2-driver\node_modules\io.appium.settings\apks\settings_apk-debug.apk'
&amp#27;[38;5;177m[03e3fac2]&amp#27;[0m&amp#27;[38;5;229m[ADB]&amp#27;[0m Running 'C:\Users\Harsh Vardhan Singh\AppData\Local\Android\Sdk\platform-tools\adb.exe -P 5037 -s emulator-5554 shell dumpsys activity services io.appium.settings'
&amp#27;[38;5;177m[03e3fac2]&amp#27;[0m&amp#27;[38;5;-3m[AndroidUiautomator2Driver@db64]&amp#27;[0m io.appium.settings is already running. There is no need to reset its permissions.
&amp#27;[38;5;177m[03e3fac2]&amp#27;[0m&amp#27;[38;5;160m[Logcat]&amp#27;[0m Starting logs capture with command: 'C:\\Users\\Harsh Vardhan Singh\\AppData\\Local\\Android\\Sdk\\platform-tools\\adb.exe' -P 5037 -s emulator-5554 logcat -v threadtime
&amp#27;[38;5;177m[03e3fac2]&amp#27;[0m&amp#27;[38;5;-3m[AndroidUiautomator2Driver@db64]&amp#27;[0m Forwarding UiAutomator2 Server port 6790 to local port 8200
&amp#27;[38;5;177m[03e3fac2]&amp#27;[0m&amp#27;[38;5;229m[ADB]&amp#27;[0m Forwarding system: 8200 to device: 6790
&amp#27;[38;5;177m[03e3fac2]&amp#27;[0m&amp#27;[38;5;229m[ADB]&amp#27;[0m Running 'C:\Users\Harsh Vardhan Singh\AppData\Local\Android\Sdk\platform-tools\adb.exe -P 5037 -s emulator-5554 forward tcp:8200 tcp:6790'
&amp#27;[38;5;177m[03e3fac2]&amp#27;[0m&amp#27;[38;5;229m[ADB]&amp#27;[0m Getting package info for 'io.appium.uiautomator2.server'
&amp#27;[38;5;177m[03e3fac2]&amp#27;[0m&amp#27;[38;5;229m[ADB]&amp#27;[0m Running 'C:\Users\Harsh Vardhan Singh\AppData\Local\Android\Sdk\platform-tools\adb.exe -P 5037 -s emulator-5554 shell dumpsys package io.appium.uiautomator2.server'
&amp#27;[38;5;177m[03e3fac2]&amp#27;[0m&amp#27;[38;5;229m[ADB]&amp#27;[0m Getting install status for io.appium.uiautomator2.server.test
&amp#27;[38;5;177m[03e3fac2]&amp#27;[0m&amp#27;[38;5;229m[ADB]&amp#27;[0m Checking app cert for D:\Android Automation Framework\Android_Framework\App\General-Store.apk
&amp#27;[38;5;177m[03e3fac2]&amp#27;[0m&amp#27;[38;5;229m[ADB]&amp#27;[0m Running 'C:\Users\Harsh Vardhan Singh\AppData\Local\Android\Sdk\platform-tools\adb.exe -P 5037 -s emulator-5554 shell cmd package list packages'
&amp#27;[38;5;177m[03e3fac2]&amp#27;[0m&amp#27;[38;5;229m[ADB]&amp#27;[0m Using 'apksigner.jar' from 'C:\Users\Harsh Vardhan Singh\AppData\Local\Android\Sdk\build-tools\35.0.0\lib\apksigner.jar'
&amp#27;[38;5;177m[03e3fac2]&amp#27;[0m&amp#27;[38;5;229m[ADB]&amp#27;[0m Starting apksigner: 'C:\\Program Files\\Common Files\\Oracle\\Java\\javapath\\java.exe' -Xmx1024M -Xss1m -jar 'C:\\Users\\Harsh Vardhan Singh\\AppData\\Local\\Android\\Sdk\\build-tools\\35.0.0\\lib\\apksigner.jar' verify --print-certs 'D:\\Android Automation Framework\\Android_Framework\\App\\General-Store.apk'
&amp#27;[38;5;177m[03e3fac2]&amp#27;[0m&amp#27;[38;5;229m[ADB]&amp#27;[0m Reading package manifest: ''C:\\Users\\Harsh Vardhan Singh\\AppData\\Local\\Android\\Sdk\\build-tools\\35.0.0\\aapt2.exe' dump badging 'C:\\Users\\Harsh Vardhan Singh\\.appium\\node_modules\\appium-uiautomator2-driver\\node_modules\\appium-uiautomator2-server\\apks\\appium-uiautomator2-server-v7.1.1.apk''
&amp#27;[38;5;177m[03e3fac2]&amp#27;[0m&amp#27;[38;5;229m[ADB]&amp#27;[0m 'io.appium.uiautomator2.server.test' is installed
&amp#27;[38;5;177m[03e3fac2]&amp#27;[0m&amp#27;[38;5;229m[ADB]&amp#27;[0m The version name of the installed 'io.appium.uiautomator2.server' is greater or equal to the application version name ('7.1.1' >= '7.1.1')
&amp#27;[38;5;177m[03e3fac2]&amp#27;[0m&amp#27;[38;5;-3m[AndroidUiautomator2Driver@db64]&amp#27;[0m Server packages status: [{"installState":"sameVersionInstalled","appPath":"C:\\Users\\Harsh Vardhan Singh\\.appium\\node_modules\\appium-uiautomator2-driver\\node_modules\\appium-uiautomator2-server\\apks\\appium-uiautomator2-server-v7.1.1.apk","appId":"io.appium.uiautomator2.server"},{"installState":"sameVersionInstalled","appPath":"C:\\Users\\Harsh Vardhan Singh\\.appium\\node_modules\\appium-uiautomator2-driver\\node_modules\\appium-uiautomator2-server\\apks\\appium-uiautomator2-server-debug-androidTest.apk","appId":"io.appium.uiautomator2.server.test"}]
&amp#27;[38;5;177m[03e3fac2]&amp#27;[0m&amp#27;[38;5;-3m[AndroidUiautomator2Driver@db64]&amp#27;[0m Server packages are not going to be (re)installed
&amp#27;[38;5;177m[03e3fac2]&amp#27;[0m&amp#27;[38;5;-3m[AndroidUiautomator2Driver@db64]&amp#27;[0m Waiting up to 30000ms for services to be available
&amp#27;[38;5;177m[03e3fac2]&amp#27;[0m&amp#27;[38;5;229m[ADB]&amp#27;[0m Running 'C:\Users\Harsh Vardhan Singh\AppData\Local\Android\Sdk\platform-tools\adb.exe -P 5037 -s emulator-5554 shell pm list instrumentation'
&amp#27;[38;5;177m[03e3fac2]&amp#27;[0m&amp#27;[38;5;-3m[AndroidUiautomator2Driver@db64]&amp#27;[0m Instrumentation target 'io.appium.uiautomator2.server.test/androidx.test.runner.AndroidJUnitRunner' is available
&amp#27;[38;5;177m[03e3fac2]&amp#27;[0m&amp#27;[38;5;229m[ADB]&amp#27;[0m Adding packages ["io.appium.settings","io.appium.uiautomator2.server","io.appium.uiautomator2.server.test"] to Doze whitelist
&amp#27;[38;5;177m[03e3fac2]&amp#27;[0m&amp#27;[38;5;229m[ADB]&amp#27;[0m Got the following command chunks to execute: [["dumpsys","deviceidle","whitelist","+io.appium.settings",";","dumpsys","deviceidle","whitelist","+io.appium.uiautomator2.server",";","dumpsys","deviceidle","whitelist","+io.appium.uiautomator2.server.test",";"]]
&amp#27;[38;5;177m[03e3fac2]&amp#27;[0m&amp#27;[38;5;229m[ADB]&amp#27;[0m Running 'C:\Users\Harsh Vardhan Singh\AppData\Local\Android\Sdk\platform-tools\adb.exe -P 5037 -s emulator-5554 shell dumpsys deviceidle whitelist +io.appium.settings ; dumpsys deviceidle whitelist +io.appium.uiautomator2.server ; dumpsys deviceidle whitelist +io.appium.uiautomator2.server.test ;'
&amp#27;[38;5;177m[03e3fac2]&amp#27;[0m&amp#27;[38;5;229m[ADB]&amp#27;[0m apksigner stdout: Signer #1 certificate DN: EMAILADDRESS=android@android.com, CN=Android, OU=Android, O=Android, L=Mountain View, ST=California, C=US
Signer #1 certificate SHA-256 digest: a40da80a59d170caa950cf15c18c454d47a39b26989d8b640ecd745ba71bf5dc
Signer #1 certificate SHA-1 digest: 61ed377e85d386a8dfee6b864bd85b0bfaa5af81
Signer #1 certificate MD5 digest: e89b158e4bcf988ebd09eb83f5378e87

&amp#27;[38;5;177m[03e3fac2]&amp#27;[0m&amp#27;[38;5;229m[ADB]&amp#27;[0m sha256 hash did match for 'General-Store.apk'
&amp#27;[38;5;177m[03e3fac2]&amp#27;[0m&amp#27;[38;5;229m[ADB]&amp#27;[0m 'D:\Android Automation Framework\Android_Framework\App\General-Store.apk' is signed with the default certificate
&amp#27;[38;5;177m[03e3fac2]&amp#27;[0m&amp#27;[38;5;229m[ADB]&amp#27;[0m Getting package info for 'com.androidsample.generalstore'
&amp#27;[38;5;177m[03e3fac2]&amp#27;[0m&amp#27;[38;5;229m[ADB]&amp#27;[0m Running 'C:\Users\Harsh Vardhan Singh\AppData\Local\Android\Sdk\platform-tools\adb.exe -P 5037 -s emulator-5554 shell dumpsys package com.androidsample.generalstore'
&amp#27;[38;5;177m[03e3fac2]&amp#27;[0m&amp#27;[38;5;229m[ADB]&amp#27;[0m Reading package manifest: ''C:\\Users\\Harsh Vardhan Singh\\AppData\\Local\\Android\\Sdk\\build-tools\\35.0.0\\aapt2.exe' dump badging 'D:\\Android Automation Framework\\Android_Framework\\App\\General-Store.apk''
&amp#27;[38;5;177m[03e3fac2]&amp#27;[0m&amp#27;[38;5;229m[ADB]&amp#27;[0m The version name of the installed 'com.androidsample.generalstore' is greater or equal to the application version name ('1.0.0' >= '1.0.0')
&amp#27;[38;5;177m[03e3fac2]&amp#27;[0m&amp#27;[38;5;229m[ADB]&amp#27;[0m There is no need to install/upgrade 'D:\Android Automation Framework\Android_Framework\App\General-Store.apk'
&amp#27;[38;5;177m[03e3fac2]&amp#27;[0m&amp#27;[38;5;-3m[AndroidUiautomator2Driver@db64]&amp#27;[0m Performing fast reset on 'com.androidsample.generalstore'
&amp#27;[38;5;177m[03e3fac2]&amp#27;[0m&amp#27;[38;5;229m[ADB]&amp#27;[0m Getting install status for com.androidsample.generalstore
&amp#27;[38;5;177m[03e3fac2]&amp#27;[0m&amp#27;[38;5;229m[ADB]&amp#27;[0m Running 'C:\Users\Harsh Vardhan Singh\AppData\Local\Android\Sdk\platform-tools\adb.exe -P 5037 -s emulator-5554 shell cmd package list packages'
&amp#27;[38;5;177m[03e3fac2]&amp#27;[0m&amp#27;[38;5;229m[ADB]&amp#27;[0m 'com.androidsample.generalstore' is installed
&amp#27;[38;5;177m[03e3fac2]&amp#27;[0m&amp#27;[38;5;229m[ADB]&amp#27;[0m Running 'C:\Users\Harsh Vardhan Singh\AppData\Local\Android\Sdk\platform-tools\adb.exe -P 5037 -s emulator-5554 shell am force-stop com.androidsample.generalstore'
&amp#27;[38;5;177m[03e3fac2]&amp#27;[0m&amp#27;[38;5;229m[ADB]&amp#27;[0m Running 'C:\Users\Harsh Vardhan Singh\AppData\Local\Android\Sdk\platform-tools\adb.exe -P 5037 -s emulator-5554 shell pm clear com.androidsample.generalstore'
&amp#27;[38;5;177m[03e3fac2]&amp#27;[0m&amp#27;[38;5;-3m[AndroidUiautomator2Driver@db64]&amp#27;[0m Performed fast reset on the installed 'com.androidsample.generalstore' application (stop and clear)
&amp#27;[38;5;177m[03e3fac2]&amp#27;[0m&amp#27;[38;5;-3m[AndroidUiautomator2Driver@db64]&amp#27;[0m Performing shallow cleanup of automation leftovers
&amp#27;[38;5;177m[03e3fac2]&amp#27;[0m&amp#27;[38;5;-3m[AndroidUiautomator2Driver@db64]&amp#27;[0m No obsolete sessions have been detected (socket hang up)
&amp#27;[38;5;177m[03e3fac2]&amp#27;[0m&amp#27;[38;5;229m[ADB]&amp#27;[0m Running 'C:\Users\Harsh Vardhan Singh\AppData\Local\Android\Sdk\platform-tools\adb.exe -P 5037 -s emulator-5554 shell am force-stop io.appium.uiautomator2.server'
&amp#27;[38;5;177m[03e3fac2]&amp#27;[0m&amp#27;[38;5;229m[ADB]&amp#27;[0m Running 'C:\Users\Harsh Vardhan Singh\AppData\Local\Android\Sdk\platform-tools\adb.exe -P 5037 -s emulator-5554 shell am force-stop io.appium.uiautomator2.server.test'
&amp#27;[38;5;177m[03e3fac2]&amp#27;[0m&amp#27;[38;5;-3m[AndroidUiautomator2Driver@db64]&amp#27;[0m Starting UIAutomator2 server 7.1.1
&amp#27;[38;5;177m[03e3fac2]&amp#27;[0m&amp#27;[38;5;-3m[AndroidUiautomator2Driver@db64]&amp#27;[0m Using UIAutomator2 server from 'C:\Users\Harsh Vardhan Singh\.appium\node_modules\appium-uiautomator2-driver\node_modules\appium-uiautomator2-server\apks\appium-uiautomator2-server-v7.1.1.apk' and test from 'C:\Users\Harsh Vardhan Singh\.appium\node_modules\appium-uiautomator2-driver\node_modules\appium-uiautomator2-server\apks\appium-uiautomator2-server-debug-androidTest.apk'
&amp#27;[38;5;177m[03e3fac2]&amp#27;[0m&amp#27;[38;5;-3m[AndroidUiautomator2Driver@db64]&amp#27;[0m Waiting up to 30000ms for UiAutomator2 to be online...
&amp#27;[38;5;177m[03e3fac2]&amp#27;[0m&amp#27;[38;5;229m[ADB]&amp#27;[0m Creating ADB subprocess with args: ["-P","5037","-s","emulator-5554","shell","am","instrument","-w","-e","disableAnalytics","true","io.appium.uiautomator2.server.test/androidx.test.runner.AndroidJUnitRunner"]
&amp#27;[38;5;177m[03e3fac2]&amp#27;[0m&amp#27;[38;5;-3m[AndroidUiautomator2Driver@db64]&amp#27;[0m Matched '/status' to command name 'getStatus'
&amp#27;[38;5;177m[03e3fac2]&amp#27;[0m&amp#27;[38;5;-3m[AndroidUiautomator2Driver@db64]&amp#27;[0m Proxying [GET /status] to [GET http://127.0.0.1:8200/status] with no body
&amp#27;[38;5;177m[03e3fac2]&amp#27;[0m&amp#27;[38;5;-3m[AndroidUiautomator2Driver@db64]&amp#27;[0m socket hang up
&amp#27;[38;5;177m[03e3fac2]&amp#27;[0m&amp#27;[38;5;-3m[AndroidUiautomator2Driver@db64]&amp#27;[0m [Instrumentation] 
&amp#27;[38;5;177m[03e3fac2]&amp#27;[0m&amp#27;[38;5;-3m[AndroidUiautomator2Driver@db64]&amp#27;[0m Matched '/status' to command name 'getStatus'
&amp#27;[38;5;177m[03e3fac2]&amp#27;[0m&amp#27;[38;5;-3m[AndroidUiautomator2Driver@db64]&amp#27;[0m Proxying [GET /status] to [GET http://127.0.0.1:8200/status] with no body
&amp#27;[38;5;177m[03e3fac2]&amp#27;[0m&amp#27;[38;5;-3m[AndroidUiautomator2Driver@db64]&amp#27;[0m socket hang up
&amp#27;[38;5;177m[03e3fac2]&amp#27;[0m&amp#27;[38;5;-3m[AndroidUiautomator2Driver@db64]&amp#27;[0m Matched '/status' to command name 'getStatus'
&amp#27;[38;5;177m[03e3fac2]&amp#27;[0m&amp#27;[38;5;-3m[AndroidUiautomator2Driver@db64]&amp#27;[0m Proxying [GET /status] to [GET http://127.0.0.1:8200/status] with no body
&amp#27;[38;5;177m[03e3fac2]&amp#27;[0m&amp#27;[38;5;-3m[AndroidUiautomator2Driver@db64]&amp#27;[0m Got response with status 200: {"sessionId":"None","value":{"message":"UiAutomator2 Server is ready to accept commands","ready":true}}
&amp#27;[38;5;177m[03e3fac2]&amp#27;[0m&amp#27;[38;5;-3m[AndroidUiautomator2Driver@db64]&amp#27;[0m The initialization of the instrumentation process took 2166ms
&amp#27;[38;5;177m[03e3fac2]&amp#27;[0m&amp#27;[38;5;-3m[AndroidUiautomator2Driver@db64]&amp#27;[0m Matched '/session' to command name 'createSession'
&amp#27;[38;5;177m[03e3fac2]&amp#27;[0m&amp#27;[38;5;-3m[AndroidUiautomator2Driver@db64]&amp#27;[0m Proxying [POST /session] to [POST http://127.0.0.1:8200/session] with body: {"capabilities":{"firstMatch":[{"platformName":"ANDROID","chromedriverUseSystemExecutable":true,"deviceName":"emulator-5554","automationName":"UIAutomator2","app":"D:\\Android Automation Framework\\Android_Framework\\App\\General-Store.apk","platform":"LINUX","webStorageEnabled":false,"takesScreenshot":true,"javascriptEnabled":true,"databaseEnabled":false,"networkConnectionEnabled":true,"locationContextEnabled":false,"warnings":{},"desired":{"platformName":"ANDROID","chromedriverUseSystemExecutable":true,"deviceName":"HarshEmulator","automationName":"UIAutomator2","app":"D:\\Android Automation Framework\\Android_Framework\\App\\General-Store.apk"},"deviceUDID":"emulator-5554","appPackage":"com.androidsample.generalstore"}],"alwaysMatch":{}}}
&amp#27;[38;5;177m[03e3fac2]&amp#27;[0m&amp#27;[38;5;-3m[AndroidUiautomator2Driver@db64]&amp#27;[0m Got response with status 200: {"sessionId":"8483e4d5-862e-4542-9a38-cbaca7499291","value":{"capabilities":{"firstMatch":[{"platformName":"ANDROID","chromedriverUseSystemExecutable":true,"deviceName":"emulator-5554","automationName":"UIAutomator2","app":"D:\\Android Automation Framework\\Android_Framework\\App\\General-Store.apk","platform":"LINUX","webStorageEnabled":false,"takesScreenshot":true,"javascriptEnabled":true,"databaseEnabled":false,"networkConnectionEnabled":true,"locationContextEnabled":false,"warnings":{},"desired":{"platformName":"ANDROID","chromedriverUseSystemExecutable":true,"deviceName":"HarshEmulator","automationName":"UIAutomator2","app":"D:\\Android Automation Framework\\Android_Framework\\App\\General-Store.apk"},"deviceUDID":"emulator-5554","appPackage":"com.androidsample.generalstore"}],"alwaysMatch":{}},"sessionId":"8483e4d5-862e-4542-9a38-cbaca7499291"}}
&amp#27;[38;5;177m[03e3fac2]&amp#27;[0m&amp#27;[38;5;-3m[AndroidUiautomator2Driver@db64]&amp#27;[0m Determined the downstream protocol as 'W3C'
&amp#27;[38;5;177m[03e3fac2]&amp#27;[0m&amp#27;[38;5;-3m[AndroidUiautomator2Driver@db64]&amp#27;[0m Proxying [GET /appium/device/pixel_ratio] to [GET http://127.0.0.1:8200/session/8483e4d5-862e-4542-9a38-cbaca7499291/appium/device/pixel_ratio] with no body
&amp#27;[38;5;177m[03e3fac2]&amp#27;[0m&amp#27;[38;5;-3m[AndroidUiautomator2Driver@db64]&amp#27;[0m Matched '/appium/device/system_bars' to command name 'getSystemBars'
&amp#27;[38;5;177m[03e3fac2]&amp#27;[0m&amp#27;[38;5;-3m[AndroidUiautomator2Driver@db64]&amp#27;[0m Proxying [GET /appium/device/system_bars] to [GET http://127.0.0.1:8200/session/8483e4d5-862e-4542-9a38-cbaca7499291/appium/device/system_bars] with no body
&amp#27;[38;5;177m[03e3fac2]&amp#27;[0m&amp#27;[38;5;-3m[AndroidUiautomator2Driver@db64]&amp#27;[0m Matched '/window/current/size' to command name 'getWindowSize'
&amp#27;[38;5;177m[03e3fac2]&amp#27;[0m&amp#27;[38;5;-3m[AndroidUiautomator2Driver@db64]&amp#27;[0m Proxying [GET /window/current/size] to [GET http://127.0.0.1:8200/session/8483e4d5-862e-4542-9a38-cbaca7499291/window/current/size] with no body
&amp#27;[38;5;177m[03e3fac2]&amp#27;[0m&amp#27;[38;5;-3m[AndroidUiautomator2Driver@db64]&amp#27;[0m Proxying [GET /appium/device/info] to [GET http://127.0.0.1:8200/session/8483e4d5-862e-4542-9a38-cbaca7499291/appium/device/info] with no body
&amp#27;[38;5;177m[03e3fac2]&amp#27;[0m&amp#27;[38;5;229m[ADB]&amp#27;[0m Running 'C:\Users\Harsh Vardhan Singh\AppData\Local\Android\Sdk\platform-tools\adb.exe -P 5037 -s emulator-5554 shell dumpsys window'
&amp#27;[38;5;177m[03e3fac2]&amp#27;[0m&amp#27;[38;5;229m[ADB]&amp#27;[0m Running 'C:\Users\Harsh Vardhan Singh\AppData\Local\Android\Sdk\platform-tools\adb.exe -P 5037 -s emulator-5554 shell dumpsys power'
&amp#27;[38;5;177m[03e3fac2]&amp#27;[0m&amp#27;[38;5;-3m[AndroidUiautomator2Driver@db64]&amp#27;[0m Got response with status 200: {"sessionId":"8483e4d5-862e-4542-9a38-cbaca7499291","value":2.75}
&amp#27;[38;5;177m[03e3fac2]&amp#27;[0m&amp#27;[38;5;-3m[AndroidUiautomator2Driver@db64]&amp#27;[0m Got response with status 200: {"sessionId":"8483e4d5-862e-4542-9a38-cbaca7499291","value":{"statusBar":83}}
&amp#27;[38;5;177m[03e3fac2]&amp#27;[0m&amp#27;[38;5;-3m[AndroidUiautomator2Driver@db64]&amp#27;[0m Got response with status 200: {"sessionId":"8483e4d5-862e-4542-9a38-cbaca7499291","value":{"height":2280,"width":1080}}
&amp#27;[38;5;177m[03e3fac2]&amp#27;[0m&amp#27;[38;5;-3m[AndroidUiautomator2Driver@db64]&amp#27;[0m Screen already unlocked, doing nothing
&amp#27;[38;5;177m[03e3fac2]&amp#27;[0m&amp#27;[38;5;-3m[AndroidUiautomator2Driver@db64]&amp#27;[0m Starting 'com.androidsample.generalstore/com.androidsample.generalstore.SplashActivity and waiting for 'com.androidsample.generalstore/com.androidsample.generalstore.SplashActivity'
&amp#27;[38;5;177m[03e3fac2]&amp#27;[0m&amp#27;[38;5;229m[ADB]&amp#27;[0m Running 'C:\Users\Harsh Vardhan Singh\AppData\Local\Android\Sdk\platform-tools\adb.exe -P 5037 -s emulator-5554 shell am start -W -n com.androidsample.generalstore/com.androidsample.generalstore.SplashActivity -S -a android.intent.action.MAIN -c android.intent.category.LAUNCHER -f 0x10200000'
&amp#27;[38;5;177m[03e3fac2]&amp#27;[0m&amp#27;[38;5;-3m[AndroidUiautomator2Driver@db64]&amp#27;[0m Got response with status 200: {"sessionId":"8483e4d5-862e-4542-9a38-cbaca7499291","value":{"androidId":"1ff6e7570d05646c","apiVersion":"35","bluetooth":{"state":"ON"},"brand":"google","carrierName":"T-Mobile","displayDensity":440,"locale":"en_US","manufacturer":"Google","model":"sdk_gphone64_x86_64","networks":[{"capabilities":{"SSID":null,"linkDownBandwidthKbps":4300,"linkUpstreamBandwidthKbps":1800,"networkCapabilities":"NET_CAPABILITY_MMS,NET_CAPABILITY_SUPL,NET_CAPABILITY_IA,NET_CAPABILITY_XCAP,NET_CAPABILITY_INTERNET,NET_CAPABILITY_NOT_RESTRICTED,NET_CAPABILITY_TRUSTED,NET_CAPABILITY_NOT_VPN,NET_CAPABILITY_VALIDATED,NET_CAPABILITY_NOT_ROAMING,NET_CAPABILITY_NOT_CONGESTED,NET_CAPABILITY_NOT_SUSPENDED","signalStrength":-2147483648,"transportTypes":"TRANSPORT_CELLULAR"},"detailedState":"CONNECTED","extraInfo":"fast.t-mobile.com","isAvailable":true,"isConnected":true,"isFailover":false,"isRoaming":false,"state":"CONNECTED","subtype":10,"subtypeName":"HSPA","type":0,"typeName":"MOBILE"},{"capabilities":{"SSID":null,"linkDownBandwidthKb...
&amp#27;[38;5;177m[03e3fac2]&amp#27;[0m&amp#27;[38;5;229m[ADB]&amp#27;[0m Waiting up to 20000ms for activity matching pkg: 'com.androidsample.generalstore' and activity: 'com.androidsample.generalstore.SplashActivity' to be focused
&amp#27;[38;5;177m[03e3fac2]&amp#27;[0m&amp#27;[38;5;229m[ADB]&amp#27;[0m Possible activities, to be checked: 'com.androidsample.generalstore.SplashActivity', 'com.androidsample.generalstore.com.androidsample.generalstore.SplashActivity'
&amp#27;[38;5;177m[03e3fac2]&amp#27;[0m&amp#27;[38;5;229m[ADB]&amp#27;[0m Getting focused package and activity
&amp#27;[38;5;177m[03e3fac2]&amp#27;[0m&amp#27;[38;5;229m[ADB]&amp#27;[0m Running 'C:\Users\Harsh Vardhan Singh\AppData\Local\Android\Sdk\platform-tools\adb.exe -P 5037 -s emulator-5554 shell dumpsys window displays'
&amp#27;[38;5;177m[03e3fac2]&amp#27;[0m&amp#27;[38;5;229m[ADB]&amp#27;[0m Found package: 'com.androidsample.generalstore' and fully qualified activity name : 'com.androidsample.generalstore.SplashActivity'
&amp#27;[38;5;177m[03e3fac2]&amp#27;[0m&amp#27;[38;5;135m[AppiumDriver@aec6]&amp#27;[0m New AndroidUiautomator2Driver session created successfully, session 03e3fac2-18d9-4400-8767-ea99175305f7 added to master session list
&amp#27;[38;5;177m[03e3fac2]&amp#27;[0m&amp#27;[38;5;135m[AppiumDriver@aec6]&amp#27;[0m Event 'newSessionStarted' logged at 1732112477100 (19:51:17 GMT+0530 (India Standard Time))
&amp#27;[38;5;177m[03e3fac2]&amp#27;[0m&amp#27;[38;5;-3m[AndroidUiautomator2Driver@db64]&amp#27;[0m Cached the protocol value 'W3C' for the new session 03e3fac2-18d9-4400-8767-ea99175305f7
&amp#27;[38;5;177m[03e3fac2]&amp#27;[0m&amp#27;[38;5;-3m[AndroidUiautomator2Driver@db64]&amp#27;[0m Responding to client with driver.createSession() result: {"capabilities":{"platformName":"ANDROID","chromedriverUseSystemExecutable":true,"deviceName":"emulator-5554","automationName":"UIAutomator2","app":"D:\\Android Automation Framework\\Android_Framework\\App\\General-Store.apk","platform":"LINUX","webStorageEnabled":false,"takesScreenshot":true,"javascriptEnabled":true,"databaseEnabled":false,"networkConnectionEnabled":true,"locationContextEnabled":false,"warnings":{},"desired":{"platformName":"ANDROID","chromedriverUseSystemExecutable":true,"deviceName":"HarshEmulator","automationName":"UIAutomator2","app":"D:\\Android Automation Framework\\Android_Framework\\App\\General-Store.apk"},"deviceUDID":"emulator-5554","appPackage":"com.androidsample.generalstore","pixelRatio":"2.75","statBarHeight":83,"viewportRect":{"left":0,"top":83,"width":1080,"height":2197},"deviceApiLevel":35,"platformVersion":"15","deviceManufacturer":"Google","deviceModel":"sdk_gphone64_x86_64","deviceScreenSize":"1080x2280","deviceScreenDensity":440}}
&amp#27;[38;5;177m[03e3fac2]&amp#27;[0m&amp#27;[38;5;86m[HTTP]&amp#27;[0m &amp#27;[37m<-- POST /session &amp#27;[39m&amp#27;[32m200&amp#27;[39m &amp#27;[90m4425 ms - 1045&amp#27;[39m &amp#27;[90m&amp#27;[39m
&amp#27;[38;5;177m[03e3fac2]&amp#27;[0m&amp#27;[38;5;86m[HTTP]&amp#27;[0m &amp#27;[37m-->&amp#27;[39m &amp#27;[37mPOST&amp#27;[39m &amp#27;[37m/session/03e3fac2-18d9-4400-8767-ea99175305f7/timeouts&amp#27;[39m &amp#27;[90m{"implicit":20000}&amp#27;[39m
&amp#27;[38;5;177m[03e3fac2]&amp#27;[0m&amp#27;[38;5;-3m[AndroidUiautomator2Driver@db64]&amp#27;[0m Calling AppiumDriver.timeouts() with args: [null,null,null,null,20000,"03e3fac2-18d9-4400-8767-ea99175305f7"]
&amp#27;[38;5;177m[03e3fac2]&amp#27;[0m&amp#27;[38;5;-3m[AndroidUiautomator2Driver@db64]&amp#27;[0m W3C timeout argument: {"implicit":20000}}
&amp#27;[38;5;177m[03e3fac2]&amp#27;[0m&amp#27;[38;5;-3m[AndroidUiautomator2Driver@db64]&amp#27;[0m Set implicit wait to 20000ms
&amp#27;[38;5;177m[03e3fac2]&amp#27;[0m&amp#27;[38;5;-3m[AndroidUiautomator2Driver@db64]&amp#27;[0m Responding to client with driver.timeouts() result: null
&amp#27;[38;5;177m[03e3fac2]&amp#27;[0m&amp#27;[38;5;86m[HTTP]&amp#27;[0m &amp#27;[37m<-- POST /session/03e3fac2-18d9-4400-8767-ea99175305f7/timeouts &amp#27;[39m&amp#27;[32m200&amp#27;[39m &amp#27;[90m2 ms - 14&amp#27;[39m &amp#27;[90m&amp#27;[39m
&amp#27;[38;5;177m[03e3fac2]&amp#27;[0m&amp#27;[38;5;86m[HTTP]&amp#27;[0m &amp#27;[37m-->&amp#27;[39m &amp#27;[37mGET&amp#27;[39m &amp#27;[37m/session/03e3fac2-18d9-4400-8767-ea99175305f7/context&amp#27;[39m &amp#27;[90m{}&amp#27;[39m
&amp#27;[38;5;177m[03e3fac2]&amp#27;[0m&amp#27;[38;5;-3m[AndroidUiautomator2Driver@db64]&amp#27;[0m Calling AppiumDriver.getCurrentContext() with args: ["03e3fac2-18d9-4400-8767-ea99175305f7"]
&amp#27;[38;5;177m[03e3fac2]&amp#27;[0m&amp#27;[38;5;-3m[AndroidUiautomator2Driver@db64]&amp#27;[0m Responding to client with driver.getCurrentContext() result: "NATIVE_APP"
&amp#27;[38;5;177m[03e3fac2]&amp#27;[0m&amp#27;[38;5;86m[HTTP]&amp#27;[0m &amp#27;[37m<-- GET /session/03e3fac2-18d9-4400-8767-ea99175305f7/context &amp#27;[39m&amp#27;[32m200&amp#27;[39m &amp#27;[90m2 ms - 22&amp#27;[39m &amp#27;[90m&amp#27;[39m
&amp#27;[38;5;177m[03e3fac2]&amp#27;[0m&amp#27;[38;5;86m[HTTP]&amp#27;[0m &amp#27;[37m-->&amp#27;[39m &amp#27;[37mPOST&amp#27;[39m &amp#27;[37m/session/03e3fac2-18d9-4400-8767-ea99175305f7/element&amp#27;[39m &amp#27;[90m{"value":"com.androidsample.generalstore:id/nameField","using":"id"}&amp#27;[39m
&amp#27;[38;5;177m[03e3fac2]&amp#27;[0m&amp#27;[38;5;-3m[AndroidUiautomator2Driver@db64]&amp#27;[0m Calling AppiumDriver.findElement() with args: ["id","com.androidsample.generalstore:id/nameField","03e3fac2-18d9-4400-8767-ea99175305f7"]
&amp#27;[38;5;177m[03e3fac2]&amp#27;[0m&amp#27;[38;5;-3m[AndroidUiautomator2Driver@db64]&amp#27;[0m Valid locator strategies for this request: xpath, id, class name, accessibility id, css selector, -android uiautomator
&amp#27;[38;5;177m[03e3fac2]&amp#27;[0m&amp#27;[38;5;-3m[AndroidUiautomator2Driver@db64]&amp#27;[0m Waiting up to 20000 ms for condition
&amp#27;[38;5;177m[03e3fac2]&amp#27;[0m&amp#27;[38;5;-3m[AndroidUiautomator2Driver@db64]&amp#27;[0m Matched '/element' to command name 'findElement'
&amp#27;[38;5;177m[03e3fac2]&amp#27;[0m&amp#27;[38;5;-3m[AndroidUiautomator2Driver@db64]&amp#27;[0m Proxying [POST /element] to [POST http://127.0.0.1:8200/session/8483e4d5-862e-4542-9a38-cbaca7499291/element] with body: {"strategy":"id","selector":"com.androidsample.generalstore:id/nameField","context":"","multiple":false}
&amp#27;[38;5;177m[03e3fac2]&amp#27;[0m&amp#27;[38;5;-3m[AndroidUiautomator2Driver@db64]&amp#27;[0m Got response with status 404: {"sessionId":"8483e4d5-862e-4542-9a38-cbaca7499291","value":{"error":"no such element","message":"An element could not be located on the page using the given search parameters","stacktrace":"io.appium.uiautomator2.common.exceptions.ElementNotFoundException: An element could not be located on the page using the given search parameters\n\tat io.appium.uiautomator2.handler.FindElement.safeHandle(FindElement.java:63)\n\tat io.appium.uiautomator2.handler.request.SafeRequestHandler.handle(SafeRequestHandler.java:59)\n\tat io.appium.uiautomator2.server.AppiumServlet.handleRequest(AppiumServlet.java:259)\n\tat io.appium.uiautomator2.server.AppiumServlet.handleHttpRequest(AppiumServlet.java:253)\n\tat io.appium.uiautomator2.http.ServerHandler.channelRead(ServerHandler.java:77)\n\tat io.netty.channel.AbstractChannelHandlerContext.invokeChannelRead(AbstractChannelHandlerContext.java:366)\n\tat io.netty.channel.AbstractChannelHandlerContext.invokeChannelRead(AbstractChannelHandlerContext.java:352)\n\tat io.netty.chann...
&amp#27;[38;5;177m[03e3fac2]&amp#27;[0m&amp#27;[38;5;123m[W3C]&amp#27;[0m Matched W3C error code 'no such element' to NoSuchElementError
&amp#27;[38;5;177m[03e3fac2]&amp#27;[0m&amp#27;[38;5;-3m[AndroidUiautomator2Driver@db64]&amp#27;[0m Waited for 352 ms so far
&amp#27;[38;5;177m[03e3fac2]&amp#27;[0m&amp#27;[38;5;-3m[AndroidUiautomator2Driver@db64]&amp#27;[0m Matched '/element' to command name 'findElement'
&amp#27;[38;5;177m[03e3fac2]&amp#27;[0m&amp#27;[38;5;-3m[AndroidUiautomator2Driver@db64]&amp#27;[0m Proxying [POST /element] to [POST http://127.0.0.1:8200/session/8483e4d5-862e-4542-9a38-cbaca7499291/element] with body: {"strategy":"id","selector":"com.androidsample.generalstore:id/nameField","context":"","multiple":false}
&amp#27;[38;5;177m[03e3fac2]&amp#27;[0m&amp#27;[38;5;-3m[AndroidUiautomator2Driver@db64]&amp#27;[0m Got response with status 404: {"sessionId":"8483e4d5-862e-4542-9a38-cbaca7499291","value":{"error":"no such element","message":"An element could not be located on the page using the given search parameters","stacktrace":"io.appium.uiautomator2.common.exceptions.ElementNotFoundException: An element could not be located on the page using the given search parameters\n\tat io.appium.uiautomator2.handler.FindElement.safeHandle(FindElement.java:63)\n\tat io.appium.uiautomator2.handler.request.SafeRequestHandler.handle(SafeRequestHandler.java:59)\n\tat io.appium.uiautomator2.server.AppiumServlet.handleRequest(AppiumServlet.java:259)\n\tat io.appium.uiautomator2.server.AppiumServlet.handleHttpRequest(AppiumServlet.java:253)\n\tat io.appium.uiautomator2.http.ServerHandler.channelRead(ServerHandler.java:77)\n\tat io.netty.channel.AbstractChannelHandlerContext.invokeChannelRead(AbstractChannelHandlerContext.java:366)\n\tat io.netty.channel.AbstractChannelHandlerContext.invokeChannelRead(AbstractChannelHandlerContext.java:352)\n\tat io.netty.chann...
&amp#27;[38;5;177m[03e3fac2]&amp#27;[0m&amp#27;[38;5;123m[W3C]&amp#27;[0m Matched W3C error code 'no such element' to NoSuchElementError
&amp#27;[38;5;177m[03e3fac2]&amp#27;[0m&amp#27;[38;5;-3m[AndroidUiautomator2Driver@db64]&amp#27;[0m Waited for 882 ms so far
&amp#27;[38;5;177m[03e3fac2]&amp#27;[0m&amp#27;[38;5;-3m[AndroidUiautomator2Driver@db64]&amp#27;[0m Matched '/element' to command name 'findElement'
&amp#27;[38;5;177m[03e3fac2]&amp#27;[0m&amp#27;[38;5;-3m[AndroidUiautomator2Driver@db64]&amp#27;[0m Proxying [POST /element] to [POST http://127.0.0.1:8200/session/8483e4d5-862e-4542-9a38-cbaca7499291/element] with body: {"strategy":"id","selector":"com.androidsample.generalstore:id/nameField","context":"","multiple":false}
&amp#27;[38;5;177m[03e3fac2]&amp#27;[0m&amp#27;[38;5;-3m[AndroidUiautomator2Driver@db64]&amp#27;[0m Got response with status 404: {"sessionId":"8483e4d5-862e-4542-9a38-cbaca7499291","value":{"error":"no such element","message":"An element could not be located on the page using the given search parameters","stacktrace":"io.appium.uiautomator2.common.exceptions.ElementNotFoundException: An element could not be located on the page using the given search parameters\n\tat io.appium.uiautomator2.handler.FindElement.safeHandle(FindElement.java:63)\n\tat io.appium.uiautomator2.handler.request.SafeRequestHandler.handle(SafeRequestHandler.java:59)\n\tat io.appium.uiautomator2.server.AppiumServlet.handleRequest(AppiumServlet.java:259)\n\tat io.appium.uiautomator2.server.AppiumServlet.handleHttpRequest(AppiumServlet.java:253)\n\tat io.appium.uiautomator2.http.ServerHandler.channelRead(ServerHandler.java:77)\n\tat io.netty.channel.AbstractChannelHandlerContext.invokeChannelRead(AbstractChannelHandlerContext.java:366)\n\tat io.netty.channel.AbstractChannelHandlerContext.invokeChannelRead(AbstractChannelHandlerContext.java:352)\n\tat io.netty.chann...
&amp#27;[38;5;177m[03e3fac2]&amp#27;[0m&amp#27;[38;5;123m[W3C]&amp#27;[0m Matched W3C error code 'no such element' to NoSuchElementError
&amp#27;[38;5;177m[03e3fac2]&amp#27;[0m&amp#27;[38;5;-3m[AndroidUiautomator2Driver@db64]&amp#27;[0m Waited for 1411 ms so far
&amp#27;[38;5;177m[03e3fac2]&amp#27;[0m&amp#27;[38;5;-3m[AndroidUiautomator2Driver@db64]&amp#27;[0m Matched '/element' to command name 'findElement'
&amp#27;[38;5;177m[03e3fac2]&amp#27;[0m&amp#27;[38;5;-3m[AndroidUiautomator2Driver@db64]&amp#27;[0m Proxying [POST /element] to [POST http://127.0.0.1:8200/session/8483e4d5-862e-4542-9a38-cbaca7499291/element] with body: {"strategy":"id","selector":"com.androidsample.generalstore:id/nameField","context":"","multiple":false}
&amp#27;[38;5;177m[03e3fac2]&amp#27;[0m&amp#27;[38;5;-3m[AndroidUiautomator2Driver@db64]&amp#27;[0m Got response with status 404: {"sessionId":"8483e4d5-862e-4542-9a38-cbaca7499291","value":{"error":"no such element","message":"An element could not be located on the page using the given search parameters","stacktrace":"io.appium.uiautomator2.common.exceptions.ElementNotFoundException: An element could not be located on the page using the given search parameters\n\tat io.appium.uiautomator2.handler.FindElement.safeHandle(FindElement.java:63)\n\tat io.appium.uiautomator2.handler.request.SafeRequestHandler.handle(SafeRequestHandler.java:59)\n\tat io.appium.uiautomator2.server.AppiumServlet.handleRequest(AppiumServlet.java:259)\n\tat io.appium.uiautomator2.server.AppiumServlet.handleHttpRequest(AppiumServlet.java:253)\n\tat io.appium.uiautomator2.http.ServerHandler.channelRead(ServerHandler.java:77)\n\tat io.netty.channel.AbstractChannelHandlerContext.invokeChannelRead(AbstractChannelHandlerContext.java:366)\n\tat io.netty.channel.AbstractChannelHandlerContext.invokeChannelRead(AbstractChannelHandlerContext.java:352)\n\tat io.netty.chann...
&amp#27;[38;5;177m[03e3fac2]&amp#27;[0m&amp#27;[38;5;123m[W3C]&amp#27;[0m Matched W3C error code 'no such element' to NoSuchElementError
&amp#27;[38;5;177m[03e3fac2]&amp#27;[0m&amp#27;[38;5;-3m[AndroidUiautomator2Driver@db64]&amp#27;[0m Waited for 1945 ms so far
&amp#27;[38;5;177m[03e3fac2]&amp#27;[0m&amp#27;[38;5;-3m[AndroidUiautomator2Driver@db64]&amp#27;[0m Matched '/element' to command name 'findElement'
&amp#27;[38;5;177m[03e3fac2]&amp#27;[0m&amp#27;[38;5;-3m[AndroidUiautomator2Driver@db64]&amp#27;[0m Proxying [POST /element] to [POST http://127.0.0.1:8200/session/8483e4d5-862e-4542-9a38-cbaca7499291/element] with body: {"strategy":"id","selector":"com.androidsample.generalstore:id/nameField","context":"","multiple":false}
&amp#27;[38;5;177m[03e3fac2]&amp#27;[0m&amp#27;[38;5;-3m[AndroidUiautomator2Driver@db64]&amp#27;[0m Got response with status 200: {"sessionId":"8483e4d5-862e-4542-9a38-cbaca7499291","value":{"ELEMENT":"00000000-0000-04ab-ffff-ffff0000001c","element-6066-11e4-a52e-4f735466cecf":"00000000-0000-04ab-ffff-ffff0000001c"}}
&amp#27;[38;5;177m[03e3fac2]&amp#27;[0m&amp#27;[38;5;-3m[AndroidUiautomator2Driver@db64]&amp#27;[0m Responding to client with driver.findElement() result: {"element-6066-11e4-a52e-4f735466cecf":"00000000-0000-04ab-ffff-ffff0000001c","ELEMENT":"00000000-0000-04ab-ffff-ffff0000001c"}
&amp#27;[38;5;177m[03e3fac2]&amp#27;[0m&amp#27;[38;5;86m[HTTP]&amp#27;[0m &amp#27;[37m<-- POST /session/03e3fac2-18d9-4400-8767-ea99175305f7/element &amp#27;[39m&amp#27;[32m200&amp#27;[39m &amp#27;[90m3841 ms - 137&amp#27;[39m &amp#27;[90m&amp#27;[39m
&amp#27;[38;5;177m[03e3fac2]&amp#27;[0m&amp#27;[38;5;86m[HTTP]&amp#27;[0m &amp#27;[37m-->&amp#27;[39m &amp#27;[37mPOST&amp#27;[39m &amp#27;[37m/session/03e3fac2-18d9-4400-8767-ea99175305f7/element/00000000-0000-04ab-ffff-ffff0000001c/value&amp#27;[39m &amp#27;[90m{"text":"Jessica Lambert","value":["J","e","s","s","i","c","a"," ","L","a","m","b","e","r","t"],"id":"00000000-0000-04ab-ffff-ffff0000001c"}&amp#27;[39m
&amp#27;[38;5;177m[03e3fac2]&amp#27;[0m&amp#27;[38;5;-3m[AndroidUiautomator2Driver@db64]&amp#27;[0m Calling AppiumDriver.setValue() with args: [["J","e","s","s","i","c","a"," ","L","a","m","b","e","r","t"],"00000000-0000-04ab-ffff-ffff0000001c","03e3fac2-18d9-4400-8767-ea99175305f7"]
&amp#27;[38;5;177m[03e3fac2]&amp#27;[0m&amp#27;[38;5;-3m[AndroidUiautomator2Driver@db64]&amp#27;[0m Matched '/element/00000000-0000-04ab-ffff-ffff0000001c/value' to command name 'setValue'
&amp#27;[38;5;177m[03e3fac2]&amp#27;[0m&amp#27;[38;5;-3m[AndroidUiautomator2Driver@db64]&amp#27;[0m Added 'value' property ["J","e","s","s","i","c","a"," ","L","a","m","b","e","r","t"] to 'setValue' request body
&amp#27;[38;5;177m[03e3fac2]&amp#27;[0m&amp#27;[38;5;-3m[AndroidUiautomator2Driver@db64]&amp#27;[0m Proxying [POST /element/00000000-0000-04ab-ffff-ffff0000001c/value] to [POST http://127.0.0.1:8200/session/8483e4d5-862e-4542-9a38-cbaca7499291/element/00000000-0000-04ab-ffff-ffff0000001c/value] with body: {"elementId":"00000000-0000-04ab-ffff-ffff0000001c","text":"Jessica Lambert","replace":false,"value":["J","e","s","s","i","c","a"," ","L","a","m","b","e","r","t"]}
&amp#27;[38;5;177m[03e3fac2]&amp#27;[0m&amp#27;[38;5;-3m[AndroidUiautomator2Driver@db64]&amp#27;[0m Got response with status 200: {"sessionId":"8483e4d5-862e-4542-9a38-cbaca7499291","value":null}
&amp#27;[38;5;177m[03e3fac2]&amp#27;[0m&amp#27;[38;5;-3m[AndroidUiautomator2Driver@db64]&amp#27;[0m Responding to client with driver.setValue() result: null
&amp#27;[38;5;177m[03e3fac2]&amp#27;[0m&amp#27;[38;5;86m[HTTP]&amp#27;[0m &amp#27;[37m<-- POST /session/03e3fac2-18d9-4400-8767-ea99175305f7/element/00000000-0000-04ab-ffff-ffff0000001c/value &amp#27;[39m&amp#27;[32m200&amp#27;[39m &amp#27;[90m39 ms - 14&amp#27;[39m &amp#27;[90m&amp#27;[39m
&amp#27;[38;5;177m[03e3fac2]&amp#27;[0m&amp#27;[38;5;86m[HTTP]&amp#27;[0m &amp#27;[37m-->&amp#27;[39m &amp#27;[37mPOST&amp#27;[39m &amp#27;[37m/session/03e3fac2-18d9-4400-8767-ea99175305f7/execute/sync&amp#27;[39m &amp#27;[90m{"script":"mobile: hideKeyboard","args":[]}&amp#27;[39m
&amp#27;[38;5;177m[03e3fac2]&amp#27;[0m&amp#27;[38;5;-3m[AndroidUiautomator2Driver@db64]&amp#27;[0m Calling AppiumDriver.execute() with args: ["mobile: hideKeyboard",[],"03e3fac2-18d9-4400-8767-ea99175305f7"]
&amp#27;[38;5;177m[03e3fac2]&amp#27;[0m&amp#27;[38;5;-3m[AndroidUiautomator2Driver@db64]&amp#27;[0m Executing native command 'mobile: hideKeyboard'
&amp#27;[38;5;177m[03e3fac2]&amp#27;[0m&amp#27;[38;5;229m[ADB]&amp#27;[0m Running 'C:\Users\Harsh Vardhan Singh\AppData\Local\Android\Sdk\platform-tools\adb.exe -P 5037 -s emulator-5554 shell dumpsys input_method'
&amp#27;[38;5;177m[03e3fac2]&amp#27;[0m&amp#27;[38;5;229m[ADB]&amp#27;[0m Keyboard has no UI; no closing necessary
&amp#27;[38;5;177m[03e3fac2]&amp#27;[0m&amp#27;[38;5;-3m[AndroidUiautomator2Driver@db64]&amp#27;[0m Responding to client with driver.execute() result: false
&amp#27;[38;5;177m[03e3fac2]&amp#27;[0m&amp#27;[38;5;86m[HTTP]&amp#27;[0m &amp#27;[37m<-- POST /session/03e3fac2-18d9-4400-8767-ea99175305f7/execute/sync &amp#27;[39m&amp#27;[32m200&amp#27;[39m &amp#27;[90m147 ms - 15&amp#27;[39m &amp#27;[90m&amp#27;[39m
&amp#27;[38;5;177m[03e3fac2]&amp#27;[0m&amp#27;[38;5;86m[HTTP]&amp#27;[0m &amp#27;[37m-->&amp#27;[39m &amp#27;[37mGET&amp#27;[39m &amp#27;[37m/session/03e3fac2-18d9-4400-8767-ea99175305f7/context&amp#27;[39m &amp#27;[90m{}&amp#27;[39m
&amp#27;[38;5;177m[03e3fac2]&amp#27;[0m&amp#27;[38;5;-3m[AndroidUiautomator2Driver@db64]&amp#27;[0m Calling AppiumDriver.getCurrentContext() with args: ["03e3fac2-18d9-4400-8767-ea99175305f7"]
&amp#27;[38;5;177m[03e3fac2]&amp#27;[0m&amp#27;[38;5;-3m[AndroidUiautomator2Driver@db64]&amp#27;[0m Responding to client with driver.getCurrentContext() result: "NATIVE_APP"
&amp#27;[38;5;177m[03e3fac2]&amp#27;[0m&amp#27;[38;5;86m[HTTP]&amp#27;[0m &amp#27;[37m<-- GET /session/03e3fac2-18d9-4400-8767-ea99175305f7/context &amp#27;[39m&amp#27;[32m200&amp#27;[39m &amp#27;[90m1 ms - 22&amp#27;[39m &amp#27;[90m&amp#27;[39m
&amp#27;[38;5;177m[03e3fac2]&amp#27;[0m&amp#27;[38;5;86m[HTTP]&amp#27;[0m &amp#27;[37m-->&amp#27;[39m &amp#27;[37mPOST&amp#27;[39m &amp#27;[37m/session/03e3fac2-18d9-4400-8767-ea99175305f7/element&amp#27;[39m &amp#27;[90m{"value":"com.androidsample.generalstore:id/radioFemale","using":"id"}&amp#27;[39m
&amp#27;[38;5;177m[03e3fac2]&amp#27;[0m&amp#27;[38;5;-3m[AndroidUiautomator2Driver@db64]&amp#27;[0m Calling AppiumDriver.findElement() with args: ["id","com.androidsample.generalstore:id/radioFemale","03e3fac2-18d9-4400-8767-ea99175305f7"]
&amp#27;[38;5;177m[03e3fac2]&amp#27;[0m&amp#27;[38;5;-3m[AndroidUiautomator2Driver@db64]&amp#27;[0m Valid locator strategies for this request: xpath, id, class name, accessibility id, css selector, -android uiautomator
&amp#27;[38;5;177m[03e3fac2]&amp#27;[0m&amp#27;[38;5;-3m[AndroidUiautomator2Driver@db64]&amp#27;[0m Waiting up to 20000 ms for condition
&amp#27;[38;5;177m[03e3fac2]&amp#27;[0m&amp#27;[38;5;-3m[AndroidUiautomator2Driver@db64]&amp#27;[0m Matched '/element' to command name 'findElement'
&amp#27;[38;5;177m[03e3fac2]&amp#27;[0m&amp#27;[38;5;-3m[AndroidUiautomator2Driver@db64]&amp#27;[0m Proxying [POST /element] to [POST http://127.0.0.1:8200/session/8483e4d5-862e-4542-9a38-cbaca7499291/element] with body: {"strategy":"id","selector":"com.androidsample.generalstore:id/radioFemale","context":"","multiple":false}
&amp#27;[38;5;177m[03e3fac2]&amp#27;[0m&amp#27;[38;5;-3m[AndroidUiautomator2Driver@db64]&amp#27;[0m Got response with status 200: {"sessionId":"8483e4d5-862e-4542-9a38-cbaca7499291","value":{"ELEMENT":"00000000-0000-04ab-ffff-ffff00000020","element-6066-11e4-a52e-4f735466cecf":"00000000-0000-04ab-ffff-ffff00000020"}}
&amp#27;[38;5;177m[03e3fac2]&amp#27;[0m&amp#27;[38;5;-3m[AndroidUiautomator2Driver@db64]&amp#27;[0m Responding to client with driver.findElement() result: {"element-6066-11e4-a52e-4f735466cecf":"00000000-0000-04ab-ffff-ffff00000020","ELEMENT":"00000000-0000-04ab-ffff-ffff00000020"}
&amp#27;[38;5;177m[03e3fac2]&amp#27;[0m&amp#27;[38;5;86m[HTTP]&amp#27;[0m &amp#27;[37m<-- POST /session/03e3fac2-18d9-4400-8767-ea99175305f7/element &amp#27;[39m&amp#27;[32m200&amp#27;[39m &amp#27;[90m354 ms - 137&amp#27;[39m &amp#27;[90m&amp#27;[39m
&amp#27;[38;5;177m[03e3fac2]&amp#27;[0m&amp#27;[38;5;86m[HTTP]&amp#27;[0m &amp#27;[37m-->&amp#27;[39m &amp#27;[37mPOST&amp#27;[39m &amp#27;[37m/session/03e3fac2-18d9-4400-8767-ea99175305f7/element/00000000-0000-04ab-ffff-ffff00000020/click&amp#27;[39m &amp#27;[90m{"id":"00000000-0000-04ab-ffff-ffff00000020"}&amp#27;[39m
&amp#27;[38;5;177m[03e3fac2]&amp#27;[0m&amp#27;[38;5;-3m[AndroidUiautomator2Driver@db64]&amp#27;[0m Calling AppiumDriver.click() with args: ["00000000-0000-04ab-ffff-ffff00000020","03e3fac2-18d9-4400-8767-ea99175305f7"]
&amp#27;[38;5;177m[03e3fac2]&amp#27;[0m&amp#27;[38;5;-3m[AndroidUiautomator2Driver@db64]&amp#27;[0m Matched '/element/00000000-0000-04ab-ffff-ffff00000020/click' to command name 'click'
&amp#27;[38;5;177m[03e3fac2]&amp#27;[0m&amp#27;[38;5;-3m[AndroidUiautomator2Driver@db64]&amp#27;[0m Proxying [POST /element/00000000-0000-04ab-ffff-ffff00000020/click] to [POST http://127.0.0.1:8200/session/8483e4d5-862e-4542-9a38-cbaca7499291/element/00000000-0000-04ab-ffff-ffff00000020/click] with body: {"element":"00000000-0000-04ab-ffff-ffff00000020"}
&amp#27;[38;5;177m[03e3fac2]&amp#27;[0m&amp#27;[38;5;-3m[AndroidUiautomator2Driver@db64]&amp#27;[0m Got response with status 200: {"sessionId":"8483e4d5-862e-4542-9a38-cbaca7499291","value":null}
&amp#27;[38;5;177m[03e3fac2]&amp#27;[0m&amp#27;[38;5;-3m[AndroidUiautomator2Driver@db64]&amp#27;[0m Responding to client with driver.click() result: null
&amp#27;[38;5;177m[03e3fac2]&amp#27;[0m&amp#27;[38;5;86m[HTTP]&amp#27;[0m &amp#27;[37m<-- POST /session/03e3fac2-18d9-4400-8767-ea99175305f7/element/00000000-0000-04ab-ffff-ffff00000020/click &amp#27;[39m&amp#27;[32m200&amp#27;[39m &amp#27;[90m65 ms - 14&amp#27;[39m &amp#27;[90m&amp#27;[39m
&amp#27;[38;5;177m[03e3fac2]&amp#27;[0m&amp#27;[38;5;86m[HTTP]&amp#27;[0m &amp#27;[37m-->&amp#27;[39m &amp#27;[37mGET&amp#27;[39m &amp#27;[37m/session/03e3fac2-18d9-4400-8767-ea99175305f7/context&amp#27;[39m &amp#27;[90m{}&amp#27;[39m
&amp#27;[38;5;177m[03e3fac2]&amp#27;[0m&amp#27;[38;5;-3m[AndroidUiautomator2Driver@db64]&amp#27;[0m Calling AppiumDriver.getCurrentContext() with args: ["03e3fac2-18d9-4400-8767-ea99175305f7"]
&amp#27;[38;5;177m[03e3fac2]&amp#27;[0m&amp#27;[38;5;-3m[AndroidUiautomator2Driver@db64]&amp#27;[0m Responding to client with driver.getCurrentContext() result: "NATIVE_APP"
&amp#27;[38;5;177m[03e3fac2]&amp#27;[0m&amp#27;[38;5;86m[HTTP]&amp#27;[0m &amp#27;[37m<-- GET /session/03e3fac2-18d9-4400-8767-ea99175305f7/context &amp#27;[39m&amp#27;[32m200&amp#27;[39m &amp#27;[90m1 ms - 22&amp#27;[39m &amp#27;[90m&amp#27;[39m
&amp#27;[38;5;177m[03e3fac2]&amp#27;[0m&amp#27;[38;5;86m[HTTP]&amp#27;[0m &amp#27;[37m-->&amp#27;[39m &amp#27;[37mPOST&amp#27;[39m &amp#27;[37m/session/03e3fac2-18d9-4400-8767-ea99175305f7/element&amp#27;[39m &amp#27;[90m{"value":"com.androidsample.generalstore:id/spinnerCountry","using":"id"}&amp#27;[39m
&amp#27;[38;5;177m[03e3fac2]&amp#27;[0m&amp#27;[38;5;-3m[AndroidUiautomator2Driver@db64]&amp#27;[0m Calling AppiumDriver.findElement() with args: ["id","com.androidsample.generalstore:id/spinnerCountry","03e3fac2-18d9-4400-8767-ea99175305f7"]
&amp#27;[38;5;177m[03e3fac2]&amp#27;[0m&amp#27;[38;5;-3m[AndroidUiautomator2Driver@db64]&amp#27;[0m Valid locator strategies for this request: xpath, id, class name, accessibility id, css selector, -android uiautomator
&amp#27;[38;5;177m[03e3fac2]&amp#27;[0m&amp#27;[38;5;-3m[AndroidUiautomator2Driver@db64]&amp#27;[0m Waiting up to 20000 ms for condition
&amp#27;[38;5;177m[03e3fac2]&amp#27;[0m&amp#27;[38;5;-3m[AndroidUiautomator2Driver@db64]&amp#27;[0m Matched '/element' to command name 'findElement'
&amp#27;[38;5;177m[03e3fac2]&amp#27;[0m&amp#27;[38;5;-3m[AndroidUiautomator2Driver@db64]&amp#27;[0m Proxying [POST /element] to [POST http://127.0.0.1:8200/session/8483e4d5-862e-4542-9a38-cbaca7499291/element] with body: {"strategy":"id","selector":"com.androidsample.generalstore:id/spinnerCountry","context":"","multiple":false}
&amp#27;[38;5;177m[03e3fac2]&amp#27;[0m&amp#27;[38;5;-3m[AndroidUiautomator2Driver@db64]&amp#27;[0m Got response with status 200: {"sessionId":"8483e4d5-862e-4542-9a38-cbaca7499291","value":{"ELEMENT":"00000000-0000-04ab-ffff-ffff0000001a","element-6066-11e4-a52e-4f735466cecf":"00000000-0000-04ab-ffff-ffff0000001a"}}
&amp#27;[38;5;177m[03e3fac2]&amp#27;[0m&amp#27;[38;5;-3m[AndroidUiautomator2Driver@db64]&amp#27;[0m Responding to client with driver.findElement() result: {"element-6066-11e4-a52e-4f735466cecf":"00000000-0000-04ab-ffff-ffff0000001a","ELEMENT":"00000000-0000-04ab-ffff-ffff0000001a"}
&amp#27;[38;5;177m[03e3fac2]&amp#27;[0m&amp#27;[38;5;86m[HTTP]&amp#27;[0m &amp#27;[37m<-- POST /session/03e3fac2-18d9-4400-8767-ea99175305f7/element &amp#27;[39m&amp#27;[32m200&amp#27;[39m &amp#27;[90m595 ms - 137&amp#27;[39m &amp#27;[90m&amp#27;[39m
&amp#27;[38;5;177m[03e3fac2]&amp#27;[0m&amp#27;[38;5;86m[HTTP]&amp#27;[0m &amp#27;[37m-->&amp#27;[39m &amp#27;[37mPOST&amp#27;[39m &amp#27;[37m/session/03e3fac2-18d9-4400-8767-ea99175305f7/element/00000000-0000-04ab-ffff-ffff0000001a/click&amp#27;[39m &amp#27;[90m{"id":"00000000-0000-04ab-ffff-ffff0000001a"}&amp#27;[39m
&amp#27;[38;5;177m[03e3fac2]&amp#27;[0m&amp#27;[38;5;-3m[AndroidUiautomator2Driver@db64]&amp#27;[0m Calling AppiumDriver.click() with args: ["00000000-0000-04ab-ffff-ffff0000001a","03e3fac2-18d9-4400-8767-ea99175305f7"]
&amp#27;[38;5;177m[03e3fac2]&amp#27;[0m&amp#27;[38;5;-3m[AndroidUiautomator2Driver@db64]&amp#27;[0m Matched '/element/00000000-0000-04ab-ffff-ffff0000001a/click' to command name 'click'
&amp#27;[38;5;177m[03e3fac2]&amp#27;[0m&amp#27;[38;5;-3m[AndroidUiautomator2Driver@db64]&amp#27;[0m Proxying [POST /element/00000000-0000-04ab-ffff-ffff0000001a/click] to [POST http://127.0.0.1:8200/session/8483e4d5-862e-4542-9a38-cbaca7499291/element/00000000-0000-04ab-ffff-ffff0000001a/click] with body: {"element":"00000000-0000-04ab-ffff-ffff0000001a"}
&amp#27;[38;5;177m[03e3fac2]&amp#27;[0m&amp#27;[38;5;-3m[AndroidUiautomator2Driver@db64]&amp#27;[0m Got response with status 200: {"sessionId":"8483e4d5-862e-4542-9a38-cbaca7499291","value":null}
&amp#27;[38;5;177m[03e3fac2]&amp#27;[0m&amp#27;[38;5;-3m[AndroidUiautomator2Driver@db64]&amp#27;[0m Responding to client with driver.click() result: null
&amp#27;[38;5;177m[03e3fac2]&amp#27;[0m&amp#27;[38;5;86m[HTTP]&amp#27;[0m &amp#27;[37m<-- POST /session/03e3fac2-18d9-4400-8767-ea99175305f7/element/00000000-0000-04ab-ffff-ffff0000001a/click &amp#27;[39m&amp#27;[32m200&amp#27;[39m &amp#27;[90m47 ms - 14&amp#27;[39m &amp#27;[90m&amp#27;[39m
&amp#27;[38;5;177m[03e3fac2]&amp#27;[0m&amp#27;[38;5;86m[HTTP]&amp#27;[0m &amp#27;[37m-->&amp#27;[39m &amp#27;[37mPOST&amp#27;[39m &amp#27;[37m/session/03e3fac2-18d9-4400-8767-ea99175305f7/element&amp#27;[39m &amp#27;[90m{"value":"new UiScrollable(new UiSelector()).scrollIntoView(text(\"Australia\"))","using":"-android uiautomator"}&amp#27;[39m
&amp#27;[38;5;177m[03e3fac2]&amp#27;[0m&amp#27;[38;5;-3m[AndroidUiautomator2Driver@db64]&amp#27;[0m Calling AppiumDriver.findElement() with args: ["-android uiautomator","new UiScrollable(new UiSelector()).scrollIntoView(text(\"Australia\"))","03e3fac2-18d9-4400-8767-ea99175305f7"]
&amp#27;[38;5;177m[03e3fac2]&amp#27;[0m&amp#27;[38;5;-3m[AndroidUiautomator2Driver@db64]&amp#27;[0m Valid locator strategies for this request: xpath, id, class name, accessibility id, css selector, -android uiautomator
&amp#27;[38;5;177m[03e3fac2]&amp#27;[0m&amp#27;[38;5;-3m[AndroidUiautomator2Driver@db64]&amp#27;[0m Waiting up to 20000 ms for condition
&amp#27;[38;5;177m[03e3fac2]&amp#27;[0m&amp#27;[38;5;-3m[AndroidUiautomator2Driver@db64]&amp#27;[0m Matched '/element' to command name 'findElement'
&amp#27;[38;5;177m[03e3fac2]&amp#27;[0m&amp#27;[38;5;-3m[AndroidUiautomator2Driver@db64]&amp#27;[0m Proxying [POST /element] to [POST http://127.0.0.1:8200/session/8483e4d5-862e-4542-9a38-cbaca7499291/element] with body: {"strategy":"-android uiautomator","selector":"new UiScrollable(new UiSelector()).scrollIntoView(text(\"Australia\"))","context":"","multiple":false}
&amp#27;[38;5;177m[03e3fac2]&amp#27;[0m&amp#27;[38;5;-3m[AndroidUiautomator2Driver@db64]&amp#27;[0m Got response with status 200: {"sessionId":"8483e4d5-862e-4542-9a38-cbaca7499291","value":{"ELEMENT":"00000000-0000-04ac-ffff-ffff0000002b","element-6066-11e4-a52e-4f735466cecf":"00000000-0000-04ac-ffff-ffff0000002b"}}
&amp#27;[38;5;177m[03e3fac2]&amp#27;[0m&amp#27;[38;5;-3m[AndroidUiautomator2Driver@db64]&amp#27;[0m Responding to client with driver.findElement() result: {"element-6066-11e4-a52e-4f735466cecf":"00000000-0000-04ac-ffff-ffff0000002b","ELEMENT":"00000000-0000-04ac-ffff-ffff0000002b"}
&amp#27;[38;5;177m[03e3fac2]&amp#27;[0m&amp#27;[38;5;86m[HTTP]&amp#27;[0m &amp#27;[37m<-- POST /session/03e3fac2-18d9-4400-8767-ea99175305f7/element &amp#27;[39m&amp#27;[32m200&amp#27;[39m &amp#27;[90m4104 ms - 137&amp#27;[39m &amp#27;[90m&amp#27;[39m
&amp#27;[38;5;177m[03e3fac2]&amp#27;[0m&amp#27;[38;5;86m[HTTP]&amp#27;[0m &amp#27;[37m-->&amp#27;[39m &amp#27;[37mPOST&amp#27;[39m &amp#27;[37m/session/03e3fac2-18d9-4400-8767-ea99175305f7/element&amp#27;[39m &amp#27;[90m{"value":"//android.widget.TextView[@resource-id= 'android:id/text1' and @text= 'Australia']","using":"xpath"}&amp#27;[39m
&amp#27;[38;5;177m[03e3fac2]&amp#27;[0m&amp#27;[38;5;-3m[AndroidUiautomator2Driver@db64]&amp#27;[0m Calling AppiumDriver.findElement() with args: ["xpath","//android.widget.TextView[@resource-id= 'android:id/text1' and @text= 'Australia']","03e3fac2-18d9-4400-8767-ea99175305f7"]
&amp#27;[38;5;177m[03e3fac2]&amp#27;[0m&amp#27;[38;5;-3m[AndroidUiautomator2Driver@db64]&amp#27;[0m Valid locator strategies for this request: xpath, id, class name, accessibility id, css selector, -android uiautomator
&amp#27;[38;5;177m[03e3fac2]&amp#27;[0m&amp#27;[38;5;-3m[AndroidUiautomator2Driver@db64]&amp#27;[0m Waiting up to 20000 ms for condition
&amp#27;[38;5;177m[03e3fac2]&amp#27;[0m&amp#27;[38;5;-3m[AndroidUiautomator2Driver@db64]&amp#27;[0m Matched '/element' to command name 'findElement'
&amp#27;[38;5;177m[03e3fac2]&amp#27;[0m&amp#27;[38;5;-3m[AndroidUiautomator2Driver@db64]&amp#27;[0m Proxying [POST /element] to [POST http://127.0.0.1:8200/session/8483e4d5-862e-4542-9a38-cbaca7499291/element] with body: {"strategy":"xpath","selector":"//android.widget.TextView[@resource-id= 'android:id/text1' and @text= 'Australia']","context":"","multiple":false}
&amp#27;[38;5;177m[03e3fac2]&amp#27;[0m&amp#27;[38;5;-3m[AndroidUiautomator2Driver@db64]&amp#27;[0m Got response with status 200: {"sessionId":"8483e4d5-862e-4542-9a38-cbaca7499291","value":{"ELEMENT":"00000000-0000-04ac-ffff-ffff0000002b","element-6066-11e4-a52e-4f735466cecf":"00000000-0000-04ac-ffff-ffff0000002b"}}
&amp#27;[38;5;177m[03e3fac2]&amp#27;[0m&amp#27;[38;5;-3m[AndroidUiautomator2Driver@db64]&amp#27;[0m Responding to client with driver.findElement() result: {"element-6066-11e4-a52e-4f735466cecf":"00000000-0000-04ac-ffff-ffff0000002b","ELEMENT":"00000000-0000-04ac-ffff-ffff0000002b"}
&amp#27;[38;5;177m[03e3fac2]&amp#27;[0m&amp#27;[38;5;86m[HTTP]&amp#27;[0m &amp#27;[37m<-- POST /session/03e3fac2-18d9-4400-8767-ea99175305f7/element &amp#27;[39m&amp#27;[32m200&amp#27;[39m &amp#27;[90m342 ms - 137&amp#27;[39m &amp#27;[90m&amp#27;[39m
&amp#27;[38;5;177m[03e3fac2]&amp#27;[0m&amp#27;[38;5;86m[HTTP]&amp#27;[0m &amp#27;[37m-->&amp#27;[39m &amp#27;[37mPOST&amp#27;[39m &amp#27;[37m/session/03e3fac2-18d9-4400-8767-ea99175305f7/element/00000000-0000-04ac-ffff-ffff0000002b/click&amp#27;[39m &amp#27;[90m{"id":"00000000-0000-04ac-ffff-ffff0000002b"}&amp#27;[39m
&amp#27;[38;5;177m[03e3fac2]&amp#27;[0m&amp#27;[38;5;-3m[AndroidUiautomator2Driver@db64]&amp#27;[0m Calling AppiumDriver.click() with args: ["00000000-0000-04ac-ffff-ffff0000002b","03e3fac2-18d9-4400-8767-ea99175305f7"]
&amp#27;[38;5;177m[03e3fac2]&amp#27;[0m&amp#27;[38;5;-3m[AndroidUiautomator2Driver@db64]&amp#27;[0m Matched '/element/00000000-0000-04ac-ffff-ffff0000002b/click' to command name 'click'
&amp#27;[38;5;177m[03e3fac2]&amp#27;[0m&amp#27;[38;5;-3m[AndroidUiautomator2Driver@db64]&amp#27;[0m Proxying [POST /element/00000000-0000-04ac-ffff-ffff0000002b/click] to [POST http://127.0.0.1:8200/session/8483e4d5-862e-4542-9a38-cbaca7499291/element/00000000-0000-04ac-ffff-ffff0000002b/click] with body: {"element":"00000000-0000-04ac-ffff-ffff0000002b"}
&amp#27;[38;5;177m[03e3fac2]&amp#27;[0m&amp#27;[38;5;-3m[AndroidUiautomator2Driver@db64]&amp#27;[0m Got response with status 200: {"sessionId":"8483e4d5-862e-4542-9a38-cbaca7499291","value":null}
&amp#27;[38;5;177m[03e3fac2]&amp#27;[0m&amp#27;[38;5;-3m[AndroidUiautomator2Driver@db64]&amp#27;[0m Responding to client with driver.click() result: null
&amp#27;[38;5;177m[03e3fac2]&amp#27;[0m&amp#27;[38;5;86m[HTTP]&amp#27;[0m &amp#27;[37m<-- POST /session/03e3fac2-18d9-4400-8767-ea99175305f7/element/00000000-0000-04ac-ffff-ffff0000002b/click &amp#27;[39m&amp#27;[32m200&amp#27;[39m &amp#27;[90m646 ms - 14&amp#27;[39m &amp#27;[90m&amp#27;[39m
&amp#27;[38;5;177m[03e3fac2]&amp#27;[0m&amp#27;[38;5;86m[HTTP]&amp#27;[0m &amp#27;[37m-->&amp#27;[39m &amp#27;[37mGET&amp#27;[39m &amp#27;[37m/session/03e3fac2-18d9-4400-8767-ea99175305f7/context&amp#27;[39m &amp#27;[90m{}&amp#27;[39m
&amp#27;[38;5;177m[03e3fac2]&amp#27;[0m&amp#27;[38;5;-3m[AndroidUiautomator2Driver@db64]&amp#27;[0m Calling AppiumDriver.getCurrentContext() with args: ["03e3fac2-18d9-4400-8767-ea99175305f7"]
&amp#27;[38;5;177m[03e3fac2]&amp#27;[0m&amp#27;[38;5;-3m[AndroidUiautomator2Driver@db64]&amp#27;[0m Responding to client with driver.getCurrentContext() result: "NATIVE_APP"
&amp#27;[38;5;177m[03e3fac2]&amp#27;[0m&amp#27;[38;5;86m[HTTP]&amp#27;[0m &amp#27;[37m<-- GET /session/03e3fac2-18d9-4400-8767-ea99175305f7/context &amp#27;[39m&amp#27;[32m200&amp#27;[39m &amp#27;[90m1 ms - 22&amp#27;[39m &amp#27;[90m&amp#27;[39m
&amp#27;[38;5;177m[03e3fac2]&amp#27;[0m&amp#27;[38;5;86m[HTTP]&amp#27;[0m &amp#27;[37m-->&amp#27;[39m &amp#27;[37mPOST&amp#27;[39m &amp#27;[37m/session/03e3fac2-18d9-4400-8767-ea99175305f7/element&amp#27;[39m &amp#27;[90m{"value":"com.androidsample.generalstore:id/btnLetsShop","using":"id"}&amp#27;[39m
&amp#27;[38;5;177m[03e3fac2]&amp#27;[0m&amp#27;[38;5;-3m[AndroidUiautomator2Driver@db64]&amp#27;[0m Calling AppiumDriver.findElement() with args: ["id","com.androidsample.generalstore:id/btnLetsShop","03e3fac2-18d9-4400-8767-ea99175305f7"]
&amp#27;[38;5;177m[03e3fac2]&amp#27;[0m&amp#27;[38;5;-3m[AndroidUiautomator2Driver@db64]&amp#27;[0m Valid locator strategies for this request: xpath, id, class name, accessibility id, css selector, -android uiautomator
&amp#27;[38;5;177m[03e3fac2]&amp#27;[0m&amp#27;[38;5;-3m[AndroidUiautomator2Driver@db64]&amp#27;[0m Waiting up to 20000 ms for condition
&amp#27;[38;5;177m[03e3fac2]&amp#27;[0m&amp#27;[38;5;-3m[AndroidUiautomator2Driver@db64]&amp#27;[0m Matched '/element' to command name 'findElement'
&amp#27;[38;5;177m[03e3fac2]&amp#27;[0m&amp#27;[38;5;-3m[AndroidUiautomator2Driver@db64]&amp#27;[0m Proxying [POST /element] to [POST http://127.0.0.1:8200/session/8483e4d5-862e-4542-9a38-cbaca7499291/element] with body: {"strategy":"id","selector":"com.androidsample.generalstore:id/btnLetsShop","context":"","multiple":false}
&amp#27;[38;5;177m[03e3fac2]&amp#27;[0m&amp#27;[38;5;-3m[AndroidUiautomator2Driver@db64]&amp#27;[0m Got response with status 200: {"sessionId":"8483e4d5-862e-4542-9a38-cbaca7499291","value":{"ELEMENT":"00000000-0000-04ab-ffff-ffff00000021","element-6066-11e4-a52e-4f735466cecf":"00000000-0000-04ab-ffff-ffff00000021"}}
&amp#27;[38;5;177m[03e3fac2]&amp#27;[0m&amp#27;[38;5;-3m[AndroidUiautomator2Driver@db64]&amp#27;[0m Responding to client with driver.findElement() result: {"element-6066-11e4-a52e-4f735466cecf":"00000000-0000-04ab-ffff-ffff00000021","ELEMENT":"00000000-0000-04ab-ffff-ffff00000021"}
&amp#27;[38;5;177m[03e3fac2]&amp#27;[0m&amp#27;[38;5;86m[HTTP]&amp#27;[0m &amp#27;[37m<-- POST /session/03e3fac2-18d9-4400-8767-ea99175305f7/element &amp#27;[39m&amp#27;[32m200&amp#27;[39m &amp#27;[90m11 ms - 137&amp#27;[39m &amp#27;[90m&amp#27;[39m
&amp#27;[38;5;177m[03e3fac2]&amp#27;[0m&amp#27;[38;5;86m[HTTP]&amp#27;[0m &amp#27;[37m-->&amp#27;[39m &amp#27;[37mPOST&amp#27;[39m &amp#27;[37m/session/03e3fac2-18d9-4400-8767-ea99175305f7/element/00000000-0000-04ab-ffff-ffff00000021/click&amp#27;[39m &amp#27;[90m{"id":"00000000-0000-04ab-ffff-ffff00000021"}&amp#27;[39m
&amp#27;[38;5;177m[03e3fac2]&amp#27;[0m&amp#27;[38;5;-3m[AndroidUiautomator2Driver@db64]&amp#27;[0m Calling AppiumDriver.click() with args: ["00000000-0000-04ab-ffff-ffff00000021","03e3fac2-18d9-4400-8767-ea99175305f7"]
&amp#27;[38;5;177m[03e3fac2]&amp#27;[0m&amp#27;[38;5;-3m[AndroidUiautomator2Driver@db64]&amp#27;[0m Matched '/element/00000000-0000-04ab-ffff-ffff00000021/click' to command name 'click'
&amp#27;[38;5;177m[03e3fac2]&amp#27;[0m&amp#27;[38;5;-3m[AndroidUiautomator2Driver@db64]&amp#27;[0m Proxying [POST /element/00000000-0000-04ab-ffff-ffff00000021/click] to [POST http://127.0.0.1:8200/session/8483e4d5-862e-4542-9a38-cbaca7499291/element/00000000-0000-04ab-ffff-ffff00000021/click] with body: {"element":"00000000-0000-04ab-ffff-ffff00000021"}
&amp#27;[38;5;177m[03e3fac2]&amp#27;[0m&amp#27;[38;5;-3m[AndroidUiautomator2Driver@db64]&amp#27;[0m Got response with status 200: {"sessionId":"8483e4d5-862e-4542-9a38-cbaca7499291","value":null}
&amp#27;[38;5;177m[03e3fac2]&amp#27;[0m&amp#27;[38;5;-3m[AndroidUiautomator2Driver@db64]&amp#27;[0m Responding to client with driver.click() result: null
&amp#27;[38;5;177m[03e3fac2]&amp#27;[0m&amp#27;[38;5;86m[HTTP]&amp#27;[0m &amp#27;[37m<-- POST /session/03e3fac2-18d9-4400-8767-ea99175305f7/element/00000000-0000-04ab-ffff-ffff00000021/click &amp#27;[39m&amp#27;[32m200&amp#27;[39m &amp#27;[90m49 ms - 14&amp#27;[39m &amp#27;[90m&amp#27;[39m
]]></system-out>
    <system-err><![CDATA[SLF4J(W): No SLF4J providers were found.
SLF4J(W): Defaulting to no-operation (NOP) logger implementation
SLF4J(W): See https://www.slf4j.org/codes.html#noProviders for further details.
]]></system-err>
  </testcase>
  <testcase name="FormPageToastMessageTest" classname="android_TestScripts.Android_TC001" time="12.494">
    <system-out><![CDATA[&amp#27;[38;5;177m[03e3fac2]&amp#27;[0m&amp#27;[38;5;86m[HTTP]&amp#27;[0m &amp#27;[37m-->&amp#27;[39m &amp#27;[37mDELETE&amp#27;[39m &amp#27;[37m/session/03e3fac2-18d9-4400-8767-ea99175305f7&amp#27;[39m &amp#27;[90m{}&amp#27;[39m
&amp#27;[38;5;177m[03e3fac2]&amp#27;[0m&amp#27;[38;5;-3m[AndroidUiautomator2Driver@db64]&amp#27;[0m Calling AppiumDriver.deleteSession() with args: ["03e3fac2-18d9-4400-8767-ea99175305f7"]
&amp#27;[38;5;177m[03e3fac2]&amp#27;[0m&amp#27;[38;5;135m[AppiumDriver@aec6]&amp#27;[0m Event 'quitSessionRequested' logged at 1732112489863 (19:51:29 GMT+0530 (India Standard Time))
&amp#27;[38;5;177m[03e3fac2]&amp#27;[0m&amp#27;[38;5;135m[AppiumDriver@aec6]&amp#27;[0m Removing session 03e3fac2-18d9-4400-8767-ea99175305f7 from our master session list
&amp#27;[38;5;177m[03e3fac2]&amp#27;[0m&amp#27;[38;5;-3m[AndroidUiautomator2Driver@db64]&amp#27;[0m Deleting UiAutomator2 session
&amp#27;[38;5;177m[03e3fac2]&amp#27;[0m&amp#27;[38;5;-3m[AndroidUiautomator2Driver@db64]&amp#27;[0m Deleting UiAutomator2 server session
&amp#27;[38;5;177m[03e3fac2]&amp#27;[0m&amp#27;[38;5;-3m[AndroidUiautomator2Driver@db64]&amp#27;[0m Matched '/' to command name 'deleteSession'
&amp#27;[38;5;177m[03e3fac2]&amp#27;[0m&amp#27;[38;5;-3m[AndroidUiautomator2Driver@db64]&amp#27;[0m Proxying [DELETE /] to [DELETE http://127.0.0.1:8200/session/8483e4d5-862e-4542-9a38-cbaca7499291] with no body
&amp#27;[38;5;177m[03e3fac2]&amp#27;[0m&amp#27;[38;5;-3m[AndroidUiautomator2Driver@db64]&amp#27;[0m Got response with status 200: {"sessionId":"8483e4d5-862e-4542-9a38-cbaca7499291","value":null}
&amp#27;[38;5;177m[03e3fac2]&amp#27;[0m&amp#27;[38;5;-3m[AndroidUiautomator2Driver@db64]&amp#27;[0m [Instrumentation] io.appium.uiautomator2.server.test.AppiumUiAutomator2Server:
&amp#27;[38;5;177m[03e3fac2]&amp#27;[0m&amp#27;[38;5;-3m[AndroidUiautomator2Driver@db64]&amp#27;[0m [Instrumentation] The process has exited with code null, signal SIGTERM
&amp#27;[38;5;177m[03e3fac2]&amp#27;[0m&amp#27;[38;5;229m[ADB]&amp#27;[0m Running 'C:\Users\Harsh Vardhan Singh\AppData\Local\Android\Sdk\platform-tools\adb.exe -P 5037 -s emulator-5554 shell dumpsys activity services io.appium.settings/.recorder.RecorderService'
&amp#27;[38;5;177m[03e3fac2]&amp#27;[0m&amp#27;[38;5;229m[ADB]&amp#27;[0m Running 'C:\Users\Harsh Vardhan Singh\AppData\Local\Android\Sdk\platform-tools\adb.exe -P 5037 -s emulator-5554 shell am force-stop com.androidsample.generalstore'
&amp#27;[38;5;177m[03e3fac2]&amp#27;[0m&amp#27;[38;5;229m[ADB]&amp#27;[0m Removing forwarded port socket connection: 8200 
&amp#27;[38;5;177m[03e3fac2]&amp#27;[0m&amp#27;[38;5;229m[ADB]&amp#27;[0m Running 'C:\Users\Harsh Vardhan Singh\AppData\Local\Android\Sdk\platform-tools\adb.exe -P 5037 -s emulator-5554 forward --remove tcp:8200'
&amp#27;[38;5;177m[03e3fac2]&amp#27;[0m&amp#27;[38;5;-3m[AndroidUiautomator2Driver@db64]&amp#27;[0m Restoring hidden api policy to the device default configuration
&amp#27;[38;5;177m[03e3fac2]&amp#27;[0m&amp#27;[38;5;229m[ADB]&amp#27;[0m Running 'C:\Users\Harsh Vardhan Singh\AppData\Local\Android\Sdk\platform-tools\adb.exe -P 5037 -s emulator-5554 shell 'settings delete global hidden_api_policy_pre_p_apps;settings delete global hidden_api_policy_p_apps;settings delete global hidden_api_policy''
&amp#27;[38;5;177m[03e3fac2]&amp#27;[0m&amp#27;[38;5;160m[Logcat]&amp#27;[0m Stopping logcat capture
&amp#27;[38;5;177m[03e3fac2]&amp#27;[0m&amp#27;[38;5;135m[AppiumDriver@aec6]&amp#27;[0m Event 'quitSessionFinished' logged at 1732112490285 (19:51:30 GMT+0530 (India Standard Time))
&amp#27;[38;5;177m[03e3fac2]&amp#27;[0m&amp#27;[38;5;135m[AppiumDriver@aec6]&amp#27;[0m Received response: null
&amp#27;[38;5;177m[03e3fac2]&amp#27;[0m&amp#27;[38;5;135m[AppiumDriver@aec6]&amp#27;[0m But deleting session, so not returning
&amp#27;[38;5;177m[03e3fac2]&amp#27;[0m&amp#27;[38;5;135m[AppiumDriver@aec6]&amp#27;[0m Responding to client with driver.deleteSession() result: null
&amp#27;[38;5;177m[03e3fac2]&amp#27;[0m&amp#27;[38;5;86m[HTTP]&amp#27;[0m &amp#27;[37m<-- DELETE /session/03e3fac2-18d9-4400-8767-ea99175305f7 &amp#27;[39m&amp#27;[32m200&amp#27;[39m &amp#27;[90m423 ms - 14&amp#27;[39m &amp#27;[90m&amp#27;[39m
&amp#27;[38;5;112m[Appium]&amp#27;[0m Welcome to Appium v2.12.1
&amp#27;[38;5;112m[Appium]&amp#27;[0m Non-default server args:
&amp#27;[38;5;112m[Appium]&amp#27;[0m { address: &amp#27;[32m'127.0.0.1'&amp#27;[39m }
&amp#27;[38;5;112m[Appium]&amp#27;[0m The autodetected Appium home path: C:\Users\Harsh Vardhan Singh\.appium
&amp#27;[38;5;112m[Appium]&amp#27;[0m Attempting to load driver uiautomator2...
&amp#27;[38;5;112m[Appium]&amp#27;[0m Attempting to load driver xcuitest...
&amp#27;[38;5;112m[Appium]&amp#27;[0m Requiring driver at C:\Users\Harsh Vardhan Singh\.appium\node_modules\appium-uiautomator2-driver\build\index.js
&amp#27;[38;5;112m[Appium]&amp#27;[0m Requiring driver at C:\Users\Harsh Vardhan Singh\.appium\node_modules\appium-xcuitest-driver\build\index.js
&amp#27;[38;5;112m[Appium]&amp#27;[0m AndroidUiautomator2Driver has been successfully loaded in 0.537s
&amp#27;[38;5;112m[Appium]&amp#27;[0m XCUITestDriver has been successfully loaded in 1.112s
&amp#27;[38;5;112m[Appium]&amp#27;[0m Appium REST http interface listener started on http://127.0.0.1:4723
&amp#27;[38;5;112m[Appium]&amp#27;[0m Available drivers:
&amp#27;[38;5;112m[Appium]&amp#27;[0m   - uiautomator2@3.8.1 (automationName 'UiAutomator2')
&amp#27;[38;5;112m[Appium]&amp#27;[0m   - xcuitest@7.28.3 (automationName 'XCUITest')
&amp#27;[38;5;112m[Appium]&amp#27;[0m No plugins have been installed. Use the "appium plugin" command to install the one(s) you want to use.
&amp#27;[38;5;86m[HTTP]&amp#27;[0m &amp#27;[37m-->&amp#27;[39m &amp#27;[37mGET&amp#27;[39m &amp#27;[37m/status&amp#27;[39m &amp#27;[90m{}&amp#27;[39m
&amp#27;[38;5;24m[AppiumDriver@0307]&amp#27;[0m Calling AppiumDriver.getStatus() with args: []
&amp#27;[38;5;24m[AppiumDriver@0307]&amp#27;[0m Responding to client with driver.getStatus() result: {"ready":true,"message":"The server is ready to accept new connections","build":{"version":"2.12.1"}}
&amp#27;[38;5;86m[HTTP]&amp#27;[0m &amp#27;[37m<-- GET /status &amp#27;[39m&amp#27;[32m200&amp#27;[39m &amp#27;[90m3 ms - 111&amp#27;[39m &amp#27;[90m&amp#27;[39m
&amp#27;[38;5;86m[HTTP]&amp#27;[0m Request idempotency key: 49ee57de-e480-47c8-a3dc-1624b2e9c72c
&amp#27;[38;5;86m[HTTP]&amp#27;[0m &amp#27;[37m-->&amp#27;[39m &amp#27;[37mPOST&amp#27;[39m &amp#27;[37m/session&amp#27;[39m &amp#27;[90m{"capabilities":{"firstMatch":[{"appium:chromedriverUseSystemExecutable":true,"appium:deviceName":"HarshEmulator","platformName":"ANDROID","appium:automationName":"UIAutomator2","appium:app":"D:\\Android Automation Framework\\Android_Framework\\App\\General-Store.apk"}]}}&amp#27;[39m
&amp#27;[38;5;24m[AppiumDriver@0307]&amp#27;[0m Calling AppiumDriver.createSession() with args: [null,null,{"firstMatch":[{"appium:chromedriverUseSystemExecutable":true,"appium:deviceName":"HarshEmulator","platformName":"ANDROID","appium:automationName":"UIAutomator2","appium:app":"D:\\Android Automation Framework\\Android_Framework\\App\\General-Store.apk"}]}]
&amp#27;[38;5;24m[AppiumDriver@0307]&amp#27;[0m Event 'newSessionRequested' logged at 1732112492408 (19:51:32 GMT+0530 (India Standard Time))
&amp#27;[38;5;112m[Appium]&amp#27;[0m Attempting to find matching driver for automationName 'UIAutomator2' and platformName 'ANDROID'
&amp#27;[38;5;112m[Appium]&amp#27;[0m The 'uiautomator2' driver was installed and matched caps.
&amp#27;[38;5;112m[Appium]&amp#27;[0m Will require it at C:\Users\Harsh Vardhan Singh\.appium\node_modules\appium-uiautomator2-driver
&amp#27;[38;5;112m[Appium]&amp#27;[0m Requiring driver at C:\Users\Harsh Vardhan Singh\.appium\node_modules\appium-uiautomator2-driver\build\index.js
&amp#27;[38;5;24m[AppiumDriver@0307]&amp#27;[0m Appium v2.12.1 creating new AndroidUiautomator2Driver (v3.8.1) session
&amp#27;[38;5;24m[AppiumDriver@0307]&amp#27;[0m Checking BaseDriver versions for Appium and AndroidUiautomator2Driver
&amp#27;[38;5;24m[AppiumDriver@0307]&amp#27;[0m Appium's BaseDriver version is 9.12.1
&amp#27;[38;5;24m[AppiumDriver@0307]&amp#27;[0m AndroidUiautomator2Driver's BaseDriver version is 9.12.1
&amp#27;[38;5;-71m[AndroidUiautomator2Driver@1b1d]&amp#27;[0m 
&amp#27;[38;5;-71m[AndroidUiautomator2Driver@1b1d]&amp#27;[0m Creating session with W3C capabilities: {
  "alwaysMatch": {
    "platformName": "ANDROID",
    "appium:chromedriverUseSystemExecutable": true,
    "appium:deviceName": "HarshEmulator",
    "appium:automationName": "UIAutomator2",
    "appium:app": "D:\\Android Automation Framework\\Android_Framework\\App\\General-Store.apk"
  },
  "firstMatch": [
    {}
  ]
}
&amp#27;[38;5;219m[b661273f]&amp#27;[0m&amp#27;[38;5;-71m[AndroidUiautomator2Driver@1b1d]&amp#27;[0m Session created with session id: b661273f-1b2a-4143-96fb-ecd96d7b6e9e
&amp#27;[38;5;219m[b661273f]&amp#27;[0m&amp#27;[38;5;229m[ADB]&amp#27;[0m Found 2 'build-tools' folders under 'C:\Users\Harsh Vardhan Singh\AppData\Local\Android\Sdk' (newest first):
&amp#27;[38;5;219m[b661273f]&amp#27;[0m&amp#27;[38;5;229m[ADB]&amp#27;[0m     C:\Users\Harsh Vardhan Singh\AppData\Local\Android\Sdk\build-tools\35.0.0
&amp#27;[38;5;219m[b661273f]&amp#27;[0m&amp#27;[38;5;229m[ADB]&amp#27;[0m     C:\Users\Harsh Vardhan Singh\AppData\Local\Android\Sdk\build-tools\34.0.0
&amp#27;[38;5;219m[b661273f]&amp#27;[0m&amp#27;[38;5;229m[ADB]&amp#27;[0m Using 'adb.exe' from 'C:\Users\Harsh Vardhan Singh\AppData\Local\Android\Sdk\platform-tools\adb.exe'
&amp#27;[38;5;219m[b661273f]&amp#27;[0m&amp#27;[38;5;229m[ADB]&amp#27;[0m Running 'C:\Users\Harsh Vardhan Singh\AppData\Local\Android\Sdk\platform-tools\adb.exe -P 5037 start-server'
&amp#27;[38;5;219m[b661273f]&amp#27;[0m&amp#27;[38;5;-71m[AndroidUiautomator2Driver@1b1d]&amp#27;[0m Retrieving device list
&amp#27;[38;5;219m[b661273f]&amp#27;[0m&amp#27;[38;5;229m[ADB]&amp#27;[0m Trying to find connected Android devices
[...]
&amp#27;[38;5;54m[02d79145]&amp#27;[0m&amp#27;[38;5;86m[HTTP]&amp#27;[0m &amp#27;[37m-->&amp#27;[39m &amp#27;[37mPOST&amp#27;[39m &amp#27;[37m/session/02d79145-1b8f-4c24-8f26-e664fe500536/element&amp#27;[39m &amp#27;[90m{"value":"com.androidsample.generalstore:id/radioMale","using":"id"}&amp#27;[39m
&amp#27;[38;5;54m[02d79145]&amp#27;[0m&amp#27;[38;5;7m[AndroidUiautomator2Driver@ac91]&amp#27;[0m Calling AppiumDriver.findElement() with args: ["id","com.androidsample.generalstore:id/radioMale","02d79145-1b8f-4c24-8f26-e664fe500536"]
&amp#27;[38;5;54m[02d79145]&amp#27;[0m&amp#27;[38;5;7m[AndroidUiautomator2Driver@ac91]&amp#27;[0m Valid locator strategies for this request: xpath, id, class name, accessibility id, css selector, -android uiautomator
&amp#27;[38;5;54m[02d79145]&amp#27;[0m&amp#27;[38;5;7m[AndroidUiautomator2Driver@ac91]&amp#27;[0m Waiting up to 20000 ms for condition
&amp#27;[38;5;54m[02d79145]&amp#27;[0m&amp#27;[38;5;7m[AndroidUiautomator2Driver@ac91]&amp#27;[0m Matched '/element' to command name 'findElement'
&amp#27;[38;5;54m[02d79145]&amp#27;[0m&amp#27;[38;5;7m[AndroidUiautomator2Driver@ac91]&amp#27;[0m Proxying [POST /element] to [POST http://127.0.0.1:8200/session/62b31bc9-6116-4773-ad96-4ed1124c7963/element] with body: {"strategy":"id","selector":"com.androidsample.generalstore:id/radioMale","context":"","multiple":false}
&amp#27;[38;5;54m[02d79145]&amp#27;[0m&amp#27;[38;5;7m[AndroidUiautomator2Driver@ac91]&amp#27;[0m Got response with status 200: {"sessionId":"62b31bc9-6116-4773-ad96-4ed1124c7963","value":{"ELEMENT":"00000000-0000-04fd-ffff-ffff0000001f","element-6066-11e4-a52e-4f735466cecf":"00000000-0000-04fd-ffff-ffff0000001f"}}
&amp#27;[38;5;54m[02d79145]&amp#27;[0m&amp#27;[38;5;7m[AndroidUiautomator2Driver@ac91]&amp#27;[0m Responding to client with driver.findElement() result: {"element-6066-11e4-a52e-4f735466cecf":"00000000-0000-04fd-ffff-ffff0000001f","ELEMENT":"00000000-0000-04fd-ffff-ffff0000001f"}
&amp#27;[38;5;54m[02d79145]&amp#27;[0m&amp#27;[38;5;86m[HTTP]&amp#27;[0m &amp#27;[37m<-- POST /session/02d79145-1b8f-4c24-8f26-e664fe500536/element &amp#27;[39m&amp#27;[32m200&amp#27;[39m &amp#27;[90m25 ms - 137&amp#27;[39m &amp#27;[90m&amp#27;[39m
&amp#27;[38;5;54m[02d79145]&amp#27;[0m&amp#27;[38;5;86m[HTTP]&amp#27;[0m &amp#27;[37m-->&amp#27;[39m &amp#27;[37mPOST&amp#27;[39m &amp#27;[37m/session/02d79145-1b8f-4c24-8f26-e664fe500536/element/00000000-0000-04fd-ffff-ffff0000001f/click&amp#27;[39m &amp#27;[90m{"id":"00000000-0000-04fd-ffff-ffff0000001f"}&amp#27;[39m
&amp#27;[38;5;54m[02d79145]&amp#27;[0m&amp#27;[38;5;7m[AndroidUiautomator2Driver@ac91]&amp#27;[0m Calling AppiumDriver.click() with args: ["00000000-0000-04fd-ffff-ffff0000001f","02d79145-1b8f-4c24-8f26-e664fe500536"]
&amp#27;[38;5;54m[02d79145]&amp#27;[0m&amp#27;[38;5;7m[AndroidUiautomator2Driver@ac91]&amp#27;[0m Matched '/element/00000000-0000-04fd-ffff-ffff0000001f/click' to command name 'click'
&amp#27;[38;5;54m[02d79145]&amp#27;[0m&amp#27;[38;5;7m[AndroidUiautomator2Driver@ac91]&amp#27;[0m Proxying [POST /element/00000000-0000-04fd-ffff-ffff0000001f/click] to [POST http://127.0.0.1:8200/session/62b31bc9-6116-4773-ad96-4ed1124c7963/element/00000000-0000-04fd-ffff-ffff0000001f/click] with body: {"element":"00000000-0000-04fd-ffff-ffff0000001f"}
&amp#27;[38;5;54m[02d79145]&amp#27;[0m&amp#27;[38;5;7m[AndroidUiautomator2Driver@ac91]&amp#27;[0m Got response with status 200: {"sessionId":"62b31bc9-6116-4773-ad96-4ed1124c7963","value":null}
&amp#27;[38;5;54m[02d79145]&amp#27;[0m&amp#27;[38;5;7m[AndroidUiautomator2Driver@ac91]&amp#27;[0m Responding to client with driver.click() result: null
&amp#27;[38;5;54m[02d79145]&amp#27;[0m&amp#27;[38;5;86m[HTTP]&amp#27;[0m &amp#27;[37m<-- POST /session/02d79145-1b8f-4c24-8f26-e664fe500536/element/00000000-0000-04fd-ffff-ffff0000001f/click &amp#27;[39m&amp#27;[32m200&amp#27;[39m &amp#27;[90m82 ms - 14&amp#27;[39m &amp#27;[90m&amp#27;[39m
&amp#27;[38;5;54m[02d79145]&amp#27;[0m&amp#27;[38;5;86m[HTTP]&amp#27;[0m &amp#27;[37m-->&amp#27;[39m &amp#27;[37mGET&amp#27;[39m &amp#27;[37m/session/02d79145-1b8f-4c24-8f26-e664fe500536/context&amp#27;[39m &amp#27;[90m{}&amp#27;[39m
&amp#27;[38;5;54m[02d79145]&amp#27;[0m&amp#27;[38;5;7m[AndroidUiautomator2Driver@ac91]&amp#27;[0m Calling AppiumDriver.getCurrentContext() with args: ["02d79145-1b8f-4c24-8f26-e664fe500536"]
&amp#27;[38;5;54m[02d79145]&amp#27;[0m&amp#27;[38;5;7m[AndroidUiautomator2Driver@ac91]&amp#27;[0m Responding to client with driver.getCurrentContext() result: "NATIVE_APP"
&amp#27;[38;5;54m[02d79145]&amp#27;[0m&amp#27;[38;5;86m[HTTP]&amp#27;[0m &amp#27;[37m<-- GET /session/02d79145-1b8f-4c24-8f26-e664fe500536/context &amp#27;[39m&amp#27;[32m200&amp#27;[39m &amp#27;[90m1 ms - 22&amp#27;[39m &amp#27;[90m&amp#27;[39m
&amp#27;[38;5;54m[02d79145]&amp#27;[0m&amp#27;[38;5;86m[HTTP]&amp#27;[0m &amp#27;[37m-->&amp#27;[39m &amp#27;[37mPOST&amp#27;[39m &amp#27;[37m/session/02d79145-1b8f-4c24-8f26-e664fe500536/element&amp#27;[39m &amp#27;[90m{"value":"com.androidsample.generalstore:id/spinnerCountry","using":"id"}&amp#27;[39m
&amp#27;[38;5;54m[02d79145]&amp#27;[0m&amp#27;[38;5;7m[AndroidUiautomator2Driver@ac91]&amp#27;[0m Calling AppiumDriver.findElement() with args: ["id","com.androidsample.generalstore:id/spinnerCountry","02d79145-1b8f-4c24-8f26-e664fe500536"]
&amp#27;[38;5;54m[02d79145]&amp#27;[0m&amp#27;[38;5;7m[AndroidUiautomator2Driver@ac91]&amp#27;[0m Valid locator strategies for this request: xpath, id, class name, accessibility id, css selector, -android uiautomator
&amp#27;[38;5;54m[02d79145]&amp#27;[0m&amp#27;[38;5;7m[AndroidUiautomator2Driver@ac91]&amp#27;[0m Waiting up to 20000 ms for condition
&amp#27;[38;5;54m[02d79145]&amp#27;[0m&amp#27;[38;5;7m[AndroidUiautomator2Driver@ac91]&amp#27;[0m Matched '/element' to command name 'findElement'
&amp#27;[38;5;54m[02d79145]&amp#27;[0m&amp#27;[38;5;7m[AndroidUiautomator2Driver@ac91]&amp#27;[0m Proxying [POST /element] to [POST http://127.0.0.1:8200/session/62b31bc9-6116-4773-ad96-4ed1124c7963/element] with body: {"strategy":"id","selector":"com.androidsample.generalstore:id/spinnerCountry","context":"","multiple":false}
&amp#27;[38;5;54m[02d79145]&amp#27;[0m&amp#27;[38;5;7m[AndroidUiautomator2Driver@ac91]&amp#27;[0m Got response with status 200: {"sessionId":"62b31bc9-6116-4773-ad96-4ed1124c7963","value":{"ELEMENT":"00000000-0000-04fd-ffff-ffff0000001a","element-6066-11e4-a52e-4f735466cecf":"00000000-0000-04fd-ffff-ffff0000001a"}}
&amp#27;[38;5;54m[02d79145]&amp#27;[0m&amp#27;[38;5;7m[AndroidUiautomator2Driver@ac91]&amp#27;[0m Responding to client with driver.findElement() result: {"element-6066-11e4-a52e-4f735466cecf":"00000000-0000-04fd-ffff-ffff0000001a","ELEMENT":"00000000-0000-04fd-ffff-ffff0000001a"}
&amp#27;[38;5;54m[02d79145]&amp#27;[0m&amp#27;[38;5;86m[HTTP]&amp#27;[0m &amp#27;[37m<-- POST /session/02d79145-1b8f-4c24-8f26-e664fe500536/element &amp#27;[39m&amp#27;[32m200&amp#27;[39m &amp#27;[90m16 ms - 137&amp#27;[39m &amp#27;[90m&amp#27;[39m
&amp#27;[38;5;54m[02d79145]&amp#27;[0m&amp#27;[38;5;86m[HTTP]&amp#27;[0m &amp#27;[37m-->&amp#27;[39m &amp#27;[37mPOST&amp#27;[39m &amp#27;[37m/session/02d79145-1b8f-4c24-8f26-e664fe500536/element/00000000-0000-04fd-ffff-ffff0000001a/click&amp#27;[39m &amp#27;[90m{"id":"00000000-0000-04fd-ffff-ffff0000001a"}&amp#27;[39m
&amp#27;[38;5;54m[02d79145]&amp#27;[0m&amp#27;[38;5;7m[AndroidUiautomator2Driver@ac91]&amp#27;[0m Calling AppiumDriver.click() with args: ["00000000-0000-04fd-ffff-ffff0000001a","02d79145-1b8f-4c24-8f26-e664fe500536"]
&amp#27;[38;5;54m[02d79145]&amp#27;[0m&amp#27;[38;5;7m[AndroidUiautomator2Driver@ac91]&amp#27;[0m Matched '/element/00000000-0000-04fd-ffff-ffff0000001a/click' to command name 'click'
&amp#27;[38;5;54m[02d79145]&amp#27;[0m&amp#27;[38;5;7m[AndroidUiautomator2Driver@ac91]&amp#27;[0m Proxying [POST /element/00000000-0000-04fd-ffff-ffff0000001a/click] to [POST http://127.0.0.1:8200/session/62b31bc9-6116-4773-ad96-4ed1124c7963/element/00000000-0000-04fd-ffff-ffff0000001a/click] with body: {"element":"00000000-0000-04fd-ffff-ffff0000001a"}
&amp#27;[38;5;54m[02d79145]&amp#27;[0m&amp#27;[38;5;7m[AndroidUiautomator2Driver@ac91]&amp#27;[0m Got response with status 200: {"sessionId":"62b31bc9-6116-4773-ad96-4ed1124c7963","value":null}
&amp#27;[38;5;54m[02d79145]&amp#27;[0m&amp#27;[38;5;7m[AndroidUiautomator2Driver@ac91]&amp#27;[0m Responding to client with driver.click() result: null
&amp#27;[38;5;54m[02d79145]&amp#27;[0m&amp#27;[38;5;86m[HTTP]&amp#27;[0m &amp#27;[37m<-- POST /session/02d79145-1b8f-4c24-8f26-e664fe500536/element/00000000-0000-04fd-ffff-ffff0000001a/click &amp#27;[39m&amp#27;[32m200&amp#27;[39m &amp#27;[90m1031 ms - 14&amp#27;[39m &amp#27;[90m&amp#27;[39m
&amp#27;[38;5;54m[02d79145]&amp#27;[0m&amp#27;[38;5;86m[HTTP]&amp#27;[0m &amp#27;[37m-->&amp#27;[39m &amp#27;[37mPOST&amp#27;[39m &amp#27;[37m/session/02d79145-1b8f-4c24-8f26-e664fe500536/element&amp#27;[39m &amp#27;[90m{"value":"new UiScrollable(new UiSelector()).scrollIntoView(text(\"India\"))","using":"-android uiautomator"}&amp#27;[39m
&amp#27;[38;5;54m[02d79145]&amp#27;[0m&amp#27;[38;5;7m[AndroidUiautomator2Driver@ac91]&amp#27;[0m Calling AppiumDriver.findElement() with args: ["-android uiautomator","new UiScrollable(new UiSelector()).scrollIntoView(text(\"India\"))","02d79145-1b8f-4c24-8f26-e664fe500536"]
&amp#27;[38;5;54m[02d79145]&amp#27;[0m&amp#27;[38;5;7m[AndroidUiautomator2Driver@ac91]&amp#27;[0m Valid locator strategies for this request: xpath, id, class name, accessibility id, css selector, -android uiautomator
&amp#27;[38;5;54m[02d79145]&amp#27;[0m&amp#27;[38;5;7m[AndroidUiautomator2Driver@ac91]&amp#27;[0m Waiting up to 20000 ms for condition
&amp#27;[38;5;54m[02d79145]&amp#27;[0m&amp#27;[38;5;7m[AndroidUiautomator2Driver@ac91]&amp#27;[0m Matched '/element' to command name 'findElement'
&amp#27;[38;5;54m[02d79145]&amp#27;[0m&amp#27;[38;5;7m[AndroidUiautomator2Driver@ac91]&amp#27;[0m Proxying [POST /element] to [POST http://127.0.0.1:8200/session/62b31bc9-6116-4773-ad96-4ed1124c7963/element] with body: {"strategy":"-android uiautomator","selector":"new UiScrollable(new UiSelector()).scrollIntoView(text(\"India\"))","context":"","multiple":false}
&amp#27;[38;5;54m[02d79145]&amp#27;[0m&amp#27;[38;5;7m[AndroidUiautomator2Driver@ac91]&amp#27;[0m Got response with status 200: {"sessionId":"62b31bc9-6116-4773-ad96-4ed1124c7963","value":{"ELEMENT":"00000000-0000-04fe-ffff-ffff00000029","element-6066-11e4-a52e-4f735466cecf":"00000000-0000-04fe-ffff-ffff00000029"}}
&amp#27;[38;5;54m[02d79145]&amp#27;[0m&amp#27;[38;5;7m[AndroidUiautomator2Driver@ac91]&amp#27;[0m Responding to client with driver.findElement() result: {"element-6066-11e4-a52e-4f735466cecf":"00000000-0000-04fe-ffff-ffff00000029","ELEMENT":"00000000-0000-04fe-ffff-ffff00000029"}
&amp#27;[38;5;54m[02d79145]&amp#27;[0m&amp#27;[38;5;86m[HTTP]&amp#27;[0m &amp#27;[37m<-- POST /session/02d79145-1b8f-4c24-8f26-e664fe500536/element &amp#27;[39m&amp#27;[32m200&amp#27;[39m &amp#27;[90m24033 ms - 137&amp#27;[39m &amp#27;[90m&amp#27;[39m
&amp#27;[38;5;54m[02d79145]&amp#27;[0m&amp#27;[38;5;86m[HTTP]&amp#27;[0m &amp#27;[37m-->&amp#27;[39m &amp#27;[37mPOST&amp#27;[39m &amp#27;[37m/session/02d79145-1b8f-4c24-8f26-e664fe500536/element&amp#27;[39m &amp#27;[90m{"value":"//android.widget.TextView[@resource-id= 'android:id/text1' and @text= 'India']","using":"xpath"}&amp#27;[39m
&amp#27;[38;5;54m[02d79145]&amp#27;[0m&amp#27;[38;5;7m[AndroidUiautomator2Driver@ac91]&amp#27;[0m Calling AppiumDriver.findElement() with args: ["xpath","//android.widget.TextView[@resource-id= 'android:id/text1' and @text= 'India']","02d79145-1b8f-4c24-8f26-e664fe500536"]
&amp#27;[38;5;54m[02d79145]&amp#27;[0m&amp#27;[38;5;7m[AndroidUiautomator2Driver@ac91]&amp#27;[0m Valid locator strategies for this request: xpath, id, class name, accessibility id, css selector, -android uiautomator
&amp#27;[38;5;54m[02d79145]&amp#27;[0m&amp#27;[38;5;7m[AndroidUiautomator2Driver@ac91]&amp#27;[0m Waiting up to 20000 ms for condition
&amp#27;[38;5;54m[02d79145]&amp#27;[0m&amp#27;[38;5;7m[AndroidUiautomator2Driver@ac91]&amp#27;[0m Matched '/element' to command name 'findElement'
&amp#27;[38;5;54m[02d79145]&amp#27;[0m&amp#27;[38;5;7m[AndroidUiautomator2Driver@ac91]&amp#27;[0m Proxying [POST /element] to [POST http://127.0.0.1:8200/session/62b31bc9-6116-4773-ad96-4ed1124c7963/element] with body: {"strategy":"xpath","selector":"//android.widget.TextView[@resource-id= 'android:id/text1' and @text= 'India']","context":"","multiple":false}
&amp#27;[38;5;54m[02d79145]&amp#27;[0m&amp#27;[38;5;7m[AndroidUiautomator2Driver@ac91]&amp#27;[0m Got response with status 200: {"sessionId":"62b31bc9-6116-4773-ad96-4ed1124c7963","value":{"ELEMENT":"00000000-0000-04fe-ffff-ffff00000029","element-6066-11e4-a52e-4f735466cecf":"00000000-0000-04fe-ffff-ffff00000029"}}
&amp#27;[38;5;54m[02d79145]&amp#27;[0m&amp#27;[38;5;7m[AndroidUiautomator2Driver@ac91]&amp#27;[0m Responding to client with driver.findElement() result: {"element-6066-11e4-a52e-4f735466cecf":"00000000-0000-04fe-ffff-ffff00000029","ELEMENT":"00000000-0000-04fe-ffff-ffff00000029"}
&amp#27;[38;5;54m[02d79145]&amp#27;[0m&amp#27;[38;5;86m[HTTP]&amp#27;[0m &amp#27;[37m<-- POST /session/02d79145-1b8f-4c24-8f26-e664fe500536/element &amp#27;[39m&amp#27;[32m200&amp#27;[39m &amp#27;[90m350 ms - 137&amp#27;[39m &amp#27;[90m&amp#27;[39m
&amp#27;[38;5;54m[02d79145]&amp#27;[0m&amp#27;[38;5;86m[HTTP]&amp#27;[0m &amp#27;[37m-->&amp#27;[39m &amp#27;[37mPOST&amp#27;[39m &amp#27;[37m/session/02d79145-1b8f-4c24-8f26-e664fe500536/element/00000000-0000-04fe-ffff-ffff00000029/click&amp#27;[39m &amp#27;[90m{"id":"00000000-0000-04fe-ffff-ffff00000029"}&amp#27;[39m
&amp#27;[38;5;54m[02d79145]&amp#27;[0m&amp#27;[38;5;7m[AndroidUiautomator2Driver@ac91]&amp#27;[0m Calling AppiumDriver.click() with args: ["00000000-0000-04fe-ffff-ffff00000029","02d79145-1b8f-4c24-8f26-e664fe500536"]
&amp#27;[38;5;54m[02d79145]&amp#27;[0m&amp#27;[38;5;7m[AndroidUiautomator2Driver@ac91]&amp#27;[0m Matched '/element/00000000-0000-04fe-ffff-ffff00000029/click' to command name 'click'
&amp#27;[38;5;54m[02d79145]&amp#27;[0m&amp#27;[38;5;7m[AndroidUiautomator2Driver@ac91]&amp#27;[0m Proxying [POST /element/00000000-0000-04fe-ffff-ffff00000029/click] to [POST http://127.0.0.1:8200/session/62b31bc9-6116-4773-ad96-4ed1124c7963/element/00000000-0000-04fe-ffff-ffff00000029/click] with body: {"element":"00000000-0000-04fe-ffff-ffff00000029"}
&amp#27;[38;5;54m[02d79145]&amp#27;[0m&amp#27;[38;5;7m[AndroidUiautomator2Driver@ac91]&amp#27;[0m Got response with status 200: {"sessionId":"62b31bc9-6116-4773-ad96-4ed1124c7963","value":null}
&amp#27;[38;5;54m[02d79145]&amp#27;[0m&amp#27;[38;5;7m[AndroidUiautomator2Driver@ac91]&amp#27;[0m Responding to client with driver.click() result: null
&amp#27;[38;5;54m[02d79145]&amp#27;[0m&amp#27;[38;5;86m[HTTP]&amp#27;[0m &amp#27;[37m<-- POST /session/02d79145-1b8f-4c24-8f26-e664fe500536/element/00000000-0000-04fe-ffff-ffff00000029/click &amp#27;[39m&amp#27;[32m200&amp#27;[39m &amp#27;[90m663 ms - 14&amp#27;[39m &amp#27;[90m&amp#27;[39m
&amp#27;[38;5;54m[02d79145]&amp#27;[0m&amp#27;[38;5;86m[HTTP]&amp#27;[0m &amp#27;[37m-->&amp#27;[39m &amp#27;[37mGET&amp#27;[39m &amp#27;[37m/session/02d79145-1b8f-4c24-8f26-e664fe500536/context&amp#27;[39m &amp#27;[90m{}&amp#27;[39m
&amp#27;[38;5;54m[02d79145]&amp#27;[0m&amp#27;[38;5;7m[AndroidUiautomator2Driver@ac91]&amp#27;[0m Calling AppiumDriver.getCurrentContext() with args: ["02d79145-1b8f-4c24-8f26-e664fe500536"]
&amp#27;[38;5;54m[02d79145]&amp#27;[0m&amp#27;[38;5;7m[AndroidUiautomator2Driver@ac91]&amp#27;[0m Responding to client with driver.getCurrentContext() result: "NATIVE_APP"
&amp#27;[38;5;54m[02d79145]&amp#27;[0m&amp#27;[38;5;86m[HTTP]&amp#27;[0m &amp#27;[37m<-- GET /session/02d79145-1b8f-4c24-8f26-e664fe500536/context &amp#27;[39m&amp#27;[32m200&amp#27;[39m &amp#27;[90m1 ms - 22&amp#27;[39m &amp#27;[90m&amp#27;[39m
&amp#27;[38;5;54m[02d79145]&amp#27;[0m&amp#27;[38;5;86m[HTTP]&amp#27;[0m &amp#27;[37m-->&amp#27;[39m &amp#27;[37mPOST&amp#27;[39m &amp#27;[37m/session/02d79145-1b8f-4c24-8f26-e664fe500536/element&amp#27;[39m &amp#27;[90m{"value":"com.androidsample.generalstore:id/btnLetsShop","using":"id"}&amp#27;[39m
&amp#27;[38;5;54m[02d79145]&amp#27;[0m&amp#27;[38;5;7m[AndroidUiautomator2Driver@ac91]&amp#27;[0m Calling AppiumDriver.findElement() with args: ["id","com.androidsample.generalstore:id/btnLetsShop","02d79145-1b8f-4c24-8f26-e664fe500536"]
&amp#27;[38;5;54m[02d79145]&amp#27;[0m&amp#27;[38;5;7m[AndroidUiautomator2Driver@ac91]&amp#27;[0m Valid locator strategies for this request: xpath, id, class name, accessibility id, css selector, -android uiautomator
&amp#27;[38;5;54m[02d79145]&amp#27;[0m&amp#27;[38;5;7m[AndroidUiautomator2Driver@ac91]&amp#27;[0m Waiting up to 20000 ms for condition
&amp#27;[38;5;54m[02d79145]&amp#27;[0m&amp#27;[38;5;7m[AndroidUiautomator2Driver@ac91]&amp#27;[0m Matched '/element' to command name 'findElement'
&amp#27;[38;5;54m[02d79145]&amp#27;[0m&amp#27;[38;5;7m[AndroidUiautomator2Driver@ac91]&amp#27;[0m Proxying [POST /element] to [POST http://127.0.0.1:8200/session/62b31bc9-6116-4773-ad96-4ed1124c7963/element] with body: {"strategy":"id","selector":"com.androidsample.generalstore:id/btnLetsShop","context":"","multiple":false}
&amp#27;[38;5;54m[02d79145]&amp#27;[0m&amp#27;[38;5;7m[AndroidUiautomator2Driver@ac91]&amp#27;[0m Got response with status 200: {"sessionId":"62b31bc9-6116-4773-ad96-4ed1124c7963","value":{"ELEMENT":"00000000-0000-04fd-ffff-ffff00000021","element-6066-11e4-a52e-4f735466cecf":"00000000-0000-04fd-ffff-ffff00000021"}}
&amp#27;[38;5;54m[02d79145]&amp#27;[0m&amp#27;[38;5;7m[AndroidUiautomator2Driver@ac91]&amp#27;[0m Responding to client with driver.findElement() result: {"element-6066-11e4-a52e-4f735466cecf":"00000000-0000-04fd-ffff-ffff00000021","ELEMENT":"00000000-0000-04fd-ffff-ffff00000021"}
&amp#27;[38;5;54m[02d79145]&amp#27;[0m&amp#27;[38;5;86m[HTTP]&amp#27;[0m &amp#27;[37m<-- POST /session/02d79145-1b8f-4c24-8f26-e664fe500536/element &amp#27;[39m&amp#27;[32m200&amp#27;[39m &amp#27;[90m11 ms - 137&amp#27;[39m &amp#27;[90m&amp#27;[39m
&amp#27;[38;5;54m[02d79145]&amp#27;[0m&amp#27;[38;5;86m[HTTP]&amp#27;[0m &amp#27;[37m-->&amp#27;[39m &amp#27;[37mPOST&amp#27;[39m &amp#27;[37m/session/02d79145-1b8f-4c24-8f26-e664fe500536/element/00000000-0000-04fd-ffff-ffff00000021/click&amp#27;[39m &amp#27;[90m{"id":"00000000-0000-04fd-ffff-ffff00000021"}&amp#27;[39m
&amp#27;[38;5;54m[02d79145]&amp#27;[0m&amp#27;[38;5;7m[AndroidUiautomator2Driver@ac91]&amp#27;[0m Calling AppiumDriver.click() with args: ["00000000-0000-04fd-ffff-ffff00000021","02d79145-1b8f-4c24-8f26-e664fe500536"]
&amp#27;[38;5;54m[02d79145]&amp#27;[0m&amp#27;[38;5;7m[AndroidUiautomator2Driver@ac91]&amp#27;[0m Matched '/element/00000000-0000-04fd-ffff-ffff00000021/click' to command name 'click'
&amp#27;[38;5;54m[02d79145]&amp#27;[0m&amp#27;[38;5;7m[AndroidUiautomator2Driver@ac91]&amp#27;[0m Proxying [POST /element/00000000-0000-04fd-ffff-ffff00000021/click] to [POST http://127.0.0.1:8200/session/62b31bc9-6116-4773-ad96-4ed1124c7963/element/00000000-0000-04fd-ffff-ffff00000021/click] with body: {"element":"00000000-0000-04fd-ffff-ffff00000021"}
&amp#27;[38;5;54m[02d79145]&amp#27;[0m&amp#27;[38;5;7m[AndroidUiautomator2Driver@ac91]&amp#27;[0m Got response with status 200: {"sessionId":"62b31bc9-6116-4773-ad96-4ed1124c7963","value":null}
&amp#27;[38;5;54m[02d79145]&amp#27;[0m&amp#27;[38;5;7m[AndroidUiautomator2Driver@ac91]&amp#27;[0m Responding to client with driver.click() result: null
&amp#27;[38;5;54m[02d79145]&amp#27;[0m&amp#27;[38;5;86m[HTTP]&amp#27;[0m &amp#27;[37m<-- POST /session/02d79145-1b8f-4c24-8f26-e664fe500536/element/00000000-0000-04fd-ffff-ffff00000021/click &amp#27;[39m&amp#27;[32m200&amp#27;[39m &amp#27;[90m69 ms - 14&amp#27;[39m &amp#27;[90m&amp#27;[39m
]]></system-out>
  </testcase>
</testsuite>